
real	0m28.314s
user	14m58.896s
sys	0m12.684s

real	1m21.406s
user	51m21.932s
sys	0m27.572s

real	0m13.836s
user	0m20.052s
sys	0m10.988s

real	0m31.627s
user	1m29.900s
sys	0m29.204s

real	0m11.245s
user	0m5.572s
sys	0m1.592s

real	1m8.639s
user	0m57.496s
sys	0m9.024s

real	0m3.772s
user	0m1.512s
sys	0m0.756s

real	0m6.160s
user	0m4.120s
sys	0m0.824s

real	0m8.180s
user	0m5.752s
sys	0m0.860s

real	0m3.210s
user	0m0.588s
sys	0m0.816s

2020-05-22 16:27:10.735251:
    metric: ultrametric
    edges:  undirected
    weight: logdegree
    nodes:  tfcg1/data/tfcg1_nodes.txt
    graph:  tfcg1/data/tfcg1_edgelistID.npy
    input:  tfcg1/data/intersect_all_entityPairs_dbpedia_fred1_tfcg1_IDs_klformat.txt
    output: tfcg1/data/intersect_all_entityPairs_dbpedia_fred1_tfcg1_IDs.json
2020-05-22 16:27:10.736472: reading nodes from text file..
2020-05-22 16:27:10.740052: reading graph from text file..
2020-05-22 16:27:10.749651: reading input..
2020-05-22 16:27:11.468894: launching pool of 48 workers.
2020-05-22 16:43:24.688797: done

2020-05-22 16:43:45.263084:
    metric: ultrametric
    edges:  undirected
    weight: logdegree
    nodes:  ffcg1/data/ffcg1_nodes.txt
    graph:  ffcg1/data/ffcg1_edgelistID.npy
    input:  ffcg1/data/intersect_all_entityPairs_dbpedia_fred1_ffcg1_IDs_klformat.txt
    output: ffcg1/data/intersect_all_entityPairs_dbpedia_fred1_ffcg1_IDs.json
2020-05-22 16:43:45.264035: reading nodes from text file..
2020-05-22 16:43:45.273538: reading graph from text file..
2020-05-22 16:43:45.317228: reading input..
2020-05-22 16:43:46.088238: launching pool of 48 workers.
2020-05-22 17:23:40.182537: done

2020-05-22 17:24:04.102429:
    metric: ultrametric
    edges:  undirected
    weight: logdegree
    nodes:  ufcg1/data/ufcg1_nodes.txt
    graph:  ufcg1/data/ufcg1_edgelistID.npy
    input:  ufcg1/data/intersect_all_entityPairs_dbpedia_fred1_ufcg1_IDs_klformat.txt
    output: ufcg1/data/intersect_all_entityPairs_dbpedia_fred1_ufcg1_IDs.json
2020-05-22 17:24:04.105392: reading nodes from text file..
2020-05-22 17:24:04.115067: reading graph from text file..
2020-05-22 17:24:04.165183: reading input..
2020-05-22 17:24:04.929324: launching pool of 48 workers.
2020-05-22 18:12:41.451153: done

real	8m23.016s
user	7m50.204s
sys	0m29.448s

real	1m34.183s
user	1m0.200s
sys	0m26.884s
