
real	17m52.943s
user	17m33.768s
sys	0m4.220s
Traceback (most recent call last):
  File "create_fred.py", line 1013, in <module>
    createFred(args.rdfpath,args.graphpath,args.fcgtype,args.init,args.passive,args.cpu,args.compilefred)
  File "create_fred.py", line 943, in createFred
    master_fcg=compileClaimGraph3(claims_path,claim_IDs,clean_claims)
  File "create_fred.py", line 843, in compileClaimGraph3
    fcg=cleanClaimGraph(fcg,clean_claims[str(claim_ID)])
KeyError: '8'

real	0m8.554s
user	0m1.712s
sys	0m1.512s

real	0m18.054s
user	0m7.280s
sys	0m1.696s

real	1m21.901s
user	0m54.080s
sys	0m8.704s

real	0m6.508s
user	0m1.824s
sys	0m1.056s

real	0m9.695s
user	0m5.036s
sys	0m1.136s

real	0m11.251s
user	0m6.652s
sys	0m1.084s

real	0m5.413s
user	0m0.656s
sys	0m1.092s

2020-01-23 15:35:48.933124:
    metric: ultrametric
    edges:  undirected
    weight: logdegree
    nodes:  tfcg3/data/tfcg3_nodes.txt
    graph:  tfcg3/data/tfcg3_edgelistID.npy
    input:  tfcg3/data/intersect_all_entityPairs_dbpedia_fred3_tfcg3_IDs_klformat.txt
    output: tfcg3/data/intersect_all_entityPairs_dbpedia_fred3_tfcg3_IDs.json
2020-01-23 15:35:48.934038: reading nodes from text file..
2020-01-23 15:35:48.943539: reading graph from text file..
2020-01-23 15:35:48.994728: reading input..
2020-01-23 15:35:49.657449: launching pool of 48 workers.
2020-01-23 15:50:58.133564: done

2020-01-23 15:51:47.443813:
    metric: ultrametric
    edges:  undirected
    weight: logdegree
    nodes:  ffcg3/data/ffcg3_nodes.txt
    graph:  ffcg3/data/ffcg3_edgelistID.npy
    input:  ffcg3/data/intersect_all_entityPairs_dbpedia_fred3_ffcg3_IDs_klformat.txt
    output: ffcg3/data/intersect_all_entityPairs_dbpedia_fred3_ffcg3_IDs.json
2020-01-23 15:51:47.444873: reading nodes from text file..
2020-01-23 15:51:47.492450: reading graph from text file..
2020-01-23 15:51:47.583271: reading input..
2020-01-23 15:51:48.293051: launching pool of 48 workers.
2020-01-23 16:25:35.799589: done

2020-01-23 16:26:49.445229:
    metric: ultrametric
    edges:  undirected
    weight: logdegree
    nodes:  ufcg3/data/ufcg3_nodes.txt
    graph:  ufcg3/data/ufcg3_edgelistID.npy
    input:  ufcg3/data/intersect_all_entityPairs_dbpedia_fred3_ufcg3_IDs_klformat.txt
    output: ufcg3/data/intersect_all_entityPairs_dbpedia_fred3_ufcg3_IDs.json
2020-01-23 16:26:49.446075: reading nodes from text file..
2020-01-23 16:26:49.461456: reading graph from text file..
2020-01-23 16:26:49.515726: reading input..
2020-01-23 16:26:50.168292: launching pool of 48 workers.
2020-01-23 17:07:14.665822: done

real	7m54.065s
user	7m23.556s
sys	0m18.516s

real	1m7.381s
user	1m40.808s
sys	0m24.488s
