
real	0m11.814s
user	0m1.176s
sys	0m0.468s

real	0m6.929s
user	0m2.896s
sys	0m0.540s

real	0m10.010s
user	0m4.628s
sys	0m0.584s

real	1m24.487s
user	0m52.236s
sys	0m8.716s

real	0m10.137s
user	0m1.944s
sys	0m1.084s

real	0m10.947s
user	0m5.812s
sys	0m1.020s

real	0m13.254s
user	0m7.996s
sys	0m1.100s

real	0m6.840s
user	0m0.776s
sys	0m1.016s

2020-01-29 15:27:52.026482:
    metric: ultrametric
    edges:  undirected
    weight: logdegree
    nodes:  tfcg_old/data/tfcg_old_nodes.txt
    graph:  tfcg_old/data/tfcg_old_edgelistID.npy
    input:  tfcg_old/data/intersect_all_entityPairs_dbpedia_old_fred_tfcg_old_IDs_klformat.txt
    output: tfcg_old/data/intersect_all_entityPairs_dbpedia_old_fred_tfcg_old_IDs.json
2020-01-29 15:27:52.027325: reading nodes from text file..
2020-01-29 15:27:52.039547: reading graph from text file..
2020-01-29 15:27:52.102361: reading input..
2020-01-29 15:27:52.694873: launching pool of 48 workers.
2020-01-29 15:42:13.438585: done

2020-01-29 15:43:26.320957:
    metric: ultrametric
    edges:  undirected
    weight: logdegree
    nodes:  ffcg_old/data/ffcg_old_nodes.txt
    graph:  ffcg_old/data/ffcg_old_edgelistID.npy
    input:  ffcg_old/data/intersect_all_entityPairs_dbpedia_old_fred_ffcg_old_IDs_klformat.txt
    output: ffcg_old/data/intersect_all_entityPairs_dbpedia_old_fred_ffcg_old_IDs.json
2020-01-29 15:43:26.321939: reading nodes from text file..
2020-01-29 15:43:26.338792: reading graph from text file..
2020-01-29 15:43:26.390847: reading input..
2020-01-29 15:43:27.155023: launching pool of 48 workers.
2020-01-29 16:19:24.630052: done

2020-01-29 16:20:44.982885:
    metric: ultrametric
    edges:  undirected
    weight: logdegree
    nodes:  ufcg_old/data/ufcg_old_nodes.txt
    graph:  ufcg_old/data/ufcg_old_edgelistID.npy
    input:  ufcg_old/data/intersect_all_entityPairs_dbpedia_old_fred_ufcg_old_IDs_klformat.txt
    output: ufcg_old/data/intersect_all_entityPairs_dbpedia_old_fred_ufcg_old_IDs.json
2020-01-29 16:20:44.983661: reading nodes from text file..
2020-01-29 16:20:44.999368: reading graph from text file..
2020-01-29 16:20:45.052610: reading input..
2020-01-29 16:20:45.789812: launching pool of 48 workers.
2020-01-29 17:05:49.712017: done

real	7m48.428s
user	7m20.936s
sys	0m18.220s

real	1m18.787s
user	1m44.864s
sys	0m27.532s
