
real	18m58.923s
user	18m51.304s
sys	0m2.812s

real	243m35.746s
user	243m14.024s
sys	0m9.644s

real	0m8.797s
user	0m4.496s
sys	0m1.416s

real	1m12.421s
user	1m1.196s
sys	0m9.480s

real	0m3.608s
user	0m1.176s
sys	0m0.792s

real	0m5.528s
user	0m3.436s
sys	0m0.800s

real	0m6.742s
user	0m4.240s
sys	0m0.848s

real	0m3.117s
user	0m0.604s
sys	0m0.828s

2020-05-27 05:09:28.326006:
    metric: ultrametric
    edges:  undirected
    weight: logdegree
    nodes:  tfcg3/data/tfcg3_nodes.txt
    graph:  tfcg3/data/tfcg3_edgelistID.npy
    input:  tfcg3/data/intersect_all_entityPairs_dbpedia_fred3_tfcg3_IDs_klformat.txt
    output: tfcg3/data/intersect_all_entityPairs_dbpedia_fred3_tfcg3_IDs.json
2020-05-27 05:09:28.326835: reading nodes from text file..
2020-05-27 05:09:28.344810: reading graph from text file..
2020-05-27 05:09:28.379109: reading input..
2020-05-27 05:09:29.121594: launching pool of 48 workers.
2020-05-27 05:23:30.757760: done

2020-05-27 05:23:44.799223:
    metric: ultrametric
    edges:  undirected
    weight: logdegree
    nodes:  ffcg3/data/ffcg3_nodes.txt
    graph:  ffcg3/data/ffcg3_edgelistID.npy
    input:  ffcg3/data/intersect_all_entityPairs_dbpedia_fred3_ffcg3_IDs_klformat.txt
    output: ffcg3/data/intersect_all_entityPairs_dbpedia_fred3_ffcg3_IDs.json
2020-05-27 05:23:44.800559: reading nodes from text file..
2020-05-27 05:23:44.808690: reading graph from text file..
2020-05-27 05:23:44.848732: reading input..
2020-05-27 05:23:45.575467: launching pool of 48 workers.
2020-05-27 05:57:52.728993: done

2020-05-27 05:58:08.270914:
    metric: ultrametric
    edges:  undirected
    weight: logdegree
    nodes:  ufcg3/data/ufcg3_nodes.txt
    graph:  ufcg3/data/ufcg3_edgelistID.npy
    input:  ufcg3/data/intersect_all_entityPairs_dbpedia_fred3_ufcg3_IDs_klformat.txt
    output: ufcg3/data/intersect_all_entityPairs_dbpedia_fred3_ufcg3_IDs.json
2020-05-27 05:58:08.271863: reading nodes from text file..
2020-05-27 05:58:08.278361: reading graph from text file..
2020-05-27 05:58:08.321920: reading input..
2020-05-27 05:58:09.046270: launching pool of 48 workers.
2020-05-27 06:41:37.830485: done

real	7m55.577s
user	7m26.652s
sys	0m27.556s

real	1m1.178s
user	0m47.168s
sys	0m12.648s
