
real	0m16.424s
user	0m1.176s
sys	0m0.668s

real	0m11.708s
user	0m3.108s
sys	0m0.604s

real	0m14.175s
user	0m4.772s
sys	0m0.676s

real	1m48.610s
user	0m54.712s
sys	0m9.188s

real	0m19.299s
user	0m2.164s
sys	0m1.428s

real	0m20.272s
user	0m6.080s
sys	0m1.388s

real	0m21.879s
user	0m8.356s
sys	0m1.448s

real	0m14.108s
user	0m0.912s
sys	0m1.344s

2020-01-30 19:25:29.997992:
    metric: ultrametric
    edges:  undirected
    weight: logdegree
    nodes:  tfcg_old/data/tfcg_old_nodes.txt
    graph:  tfcg_old/data/tfcg_old_edgelistID.npy
    input:  tfcg_old/data/intersect_all_entityPairs_dbpedia_old_fred_tfcg_old_IDs_klformat.txt
    output: tfcg_old/data/intersect_all_entityPairs_dbpedia_old_fred_tfcg_old_IDs.json
2020-01-30 19:25:30.000972: reading nodes from text file..
2020-01-30 19:25:30.035269: reading graph from text file..
2020-01-30 19:25:30.134188: reading input..
2020-01-30 19:25:30.806474: launching pool of 48 workers.
2020-01-30 19:40:05.360150: done

2020-01-30 19:41:41.403412:
    metric: ultrametric
    edges:  undirected
    weight: logdegree
    nodes:  ffcg_old/data/ffcg_old_nodes.txt
    graph:  ffcg_old/data/ffcg_old_edgelistID.npy
    input:  ffcg_old/data/intersect_all_entityPairs_dbpedia_old_fred_ffcg_old_IDs_klformat.txt
    output: ffcg_old/data/intersect_all_entityPairs_dbpedia_old_fred_ffcg_old_IDs.json
2020-01-30 19:41:41.405408: reading nodes from text file..
2020-01-30 19:41:41.425418: reading graph from text file..
2020-01-30 19:41:41.481251: reading input..
2020-01-30 19:41:42.153446: launching pool of 48 workers.
2020-01-30 20:18:04.553975: done

2020-01-30 20:19:33.340142:
    metric: ultrametric
    edges:  undirected
    weight: logdegree
    nodes:  ufcg_old/data/ufcg_old_nodes.txt
    graph:  ufcg_old/data/ufcg_old_edgelistID.npy
    input:  ufcg_old/data/intersect_all_entityPairs_dbpedia_old_fred_ufcg_old_IDs_klformat.txt
    output: ufcg_old/data/intersect_all_entityPairs_dbpedia_old_fred_ufcg_old_IDs.json
2020-01-30 20:19:33.341147: reading nodes from text file..
2020-01-30 20:19:33.359632: reading graph from text file..
2020-01-30 20:19:33.416841: reading input..
2020-01-30 20:19:34.177566: launching pool of 48 workers.
2020-01-30 21:04:26.001537: done

real	7m53.439s
user	7m24.024s
sys	0m17.836s

real	1m17.604s
user	1m44.300s
sys	0m26.880s
