
real	1m59.552s
user	0m0.920s
sys	0m1.560s

2019-11-20 23:26:06.951688:
    metric: ultrametric
    edges:  undirected
    weight: logdegree
    nodes:  tfcg1/data/tfcg1_nodes.txt
    graph:  tfcg1/data/tfcg1_edgelistID.npy
    input:  tfcg1/data/intersect_all_entityPairs_dbpedia_fred1_tfcg1_IDs_klformat.txt
    output: tfcg1/data/intersect_all_entityPairs_dbpedia_fred1_tfcg1_IDs.json
2019-11-20 23:26:06.952235: reading nodes from text file..
2019-11-20 23:26:07.200152: reading graph from text file..
2019-11-20 23:26:07.510690: reading input..
2019-11-20 23:26:08.798314: launching pool of 48 workers.
2019-11-20 23:59:56.546766: done

2019-11-21 00:03:47.187928:
    metric: ultrametric
    edges:  undirected
    weight: logdegree
    nodes:  ffcg1/data/ffcg1_nodes.txt
    graph:  ffcg1/data/ffcg1_edgelistID.npy
    input:  ffcg1/data/intersect_all_entityPairs_dbpedia_fred1_ffcg1_IDs_klformat.txt
    output: ffcg1/data/intersect_all_entityPairs_dbpedia_fred1_ffcg1_IDs.json
2019-11-21 00:03:47.188387: reading nodes from text file..
2019-11-21 00:03:47.490772: reading graph from text file..
2019-11-21 00:03:47.652322: reading input..
2019-11-21 00:03:48.669473: launching pool of 48 workers.
2019-11-21 01:21:29.195929: done

2019-11-21 01:26:21.183318:
    metric: ultrametric
    edges:  undirected
    weight: logdegree
    nodes:  ufcg1/data/ufcg1_nodes.txt
    graph:  ufcg1/data/ufcg1_edgelistID.npy
    input:  ufcg1/data/intersect_all_entityPairs_dbpedia_fred1_ufcg1_IDs_klformat.txt
    output: ufcg1/data/intersect_all_entityPairs_dbpedia_fred1_ufcg1_IDs.json
2019-11-21 01:26:21.183837: reading nodes from text file..
2019-11-21 01:26:21.650087: reading graph from text file..
2019-11-21 01:26:21.850439: reading input..
2019-11-21 01:26:22.857865: launching pool of 48 workers.
2019-11-21 02:59:55.142974: done

real	9m16.844s
user	7m32.108s
sys	0m18.132s

real	4m13.137s
user	2m17.320s
sys	0m38.992s
