
real	1m20.095s
user	0m52.592s
sys	0m8.568s

real	0m6.290s
user	0m1.960s
sys	0m0.992s

real	0m8.576s
user	0m5.676s
sys	0m1.056s

real	0m10.568s
user	0m8.132s
sys	0m0.992s

real	0m3.528s
user	0m0.656s
sys	0m1.020s

2020-01-27 12:51:32.531059:
    metric: ultrametric
    edges:  undirected
    weight: logdegree
    nodes:  tfcg_old/data/tfcg_old_nodes.txt
    graph:  tfcg_old/data/tfcg_old_edgelistID.npy
    input:  tfcg_old/data/intersect_all_entityPairs_dbpedia_old_fred_tfcg_old_IDs_klformat.txt
    output: tfcg_old/data/intersect_all_entityPairs_dbpedia_old_fred_tfcg_old_IDs.json
2020-01-27 12:51:32.532370: reading nodes from text file..
2020-01-27 12:51:32.546681: reading graph from text file..
2020-01-27 12:51:32.609865: reading input..
2020-01-27 12:51:33.214914: launching pool of 48 workers.
2020-01-27 13:06:26.298928: done

2020-01-27 13:07:44.055002:
    metric: ultrametric
    edges:  undirected
    weight: logdegree
    nodes:  ffcg_old/data/ffcg_old_nodes.txt
    graph:  ffcg_old/data/ffcg_old_edgelistID.npy
    input:  ffcg_old/data/intersect_all_entityPairs_dbpedia_old_fred_ffcg_old_IDs_klformat.txt
    output: ffcg_old/data/intersect_all_entityPairs_dbpedia_old_fred_ffcg_old_IDs.json
2020-01-27 13:07:44.056382: reading nodes from text file..
2020-01-27 13:07:44.071886: reading graph from text file..
2020-01-27 13:07:44.119613: reading input..
2020-01-27 13:07:44.733364: launching pool of 48 workers.
2020-01-27 13:44:25.790789: done

2020-01-27 13:45:50.012943:
    metric: ultrametric
    edges:  undirected
    weight: logdegree
    nodes:  ufcg_old/data/ufcg_old_nodes.txt
    graph:  ufcg_old/data/ufcg_old_edgelistID.npy
    input:  ufcg_old/data/intersect_all_entityPairs_dbpedia_old_fred_ufcg_old_IDs_klformat.txt
    output: ufcg_old/data/intersect_all_entityPairs_dbpedia_old_fred_ufcg_old_IDs.json
2020-01-27 13:45:50.014125: reading nodes from text file..
2020-01-27 13:45:50.033792: reading graph from text file..
2020-01-27 13:45:50.090191: reading input..
2020-01-27 13:45:50.691924: launching pool of 48 workers.
2020-01-27 14:31:52.081805: done

real	7m44.401s
user	7m17.976s
sys	0m17.632s

real	1m14.979s
user	1m42.836s
sys	0m26.860s
