
real	18m35.759s
user	16m5.220s
sys	0m9.040s

real	114m35.399s
user	111m10.356s
sys	0m28.796s

real	2m10.175s
user	0m7.520s
sys	0m1.960s

real	2m41.542s
user	0m54.316s
sys	0m9.104s

real	1m18.141s
user	0m1.904s
sys	0m1.372s

real	1m17.759s
user	0m4.756s
sys	0m1.480s

real	1m26.312s
user	0m6.404s
sys	0m1.388s

real	0m48.819s
user	0m0.844s
sys	0m1.244s

2019-12-05 14:50:59.380702:
    metric: ultrametric
    edges:  undirected
    weight: logdegree
    nodes:  tfcg2/data/tfcg2_nodes.txt
    graph:  tfcg2/data/tfcg2_edgelistID.npy
    input:  tfcg2/data/intersect_all_entityPairs_dbpedia_fred2_tfcg2_IDs_klformat.txt
    output: tfcg2/data/intersect_all_entityPairs_dbpedia_fred2_tfcg2_IDs.json
2019-12-05 14:50:59.381450: reading nodes from text file..
2019-12-05 14:50:59.684877: reading graph from text file..
2019-12-05 14:50:59.955284: reading input..
2019-12-05 14:51:00.825886: launching pool of 48 workers.
2019-12-05 15:03:09.514725: done

2019-12-05 15:05:28.575558:
    metric: ultrametric
    edges:  undirected
    weight: logdegree
    nodes:  ffcg2/data/ffcg2_nodes.txt
    graph:  ffcg2/data/ffcg2_edgelistID.npy
    input:  ffcg2/data/intersect_all_entityPairs_dbpedia_fred2_ffcg2_IDs_klformat.txt
    output: ffcg2/data/intersect_all_entityPairs_dbpedia_fred2_ffcg2_IDs.json
2019-12-05 15:05:28.576168: reading nodes from text file..
2019-12-05 15:05:28.718815: reading graph from text file..
2019-12-05 15:05:28.997964: reading input..
2019-12-05 15:05:29.763981: launching pool of 48 workers.
2019-12-05 15:32:28.150294: done

2019-12-05 15:34:44.934033:
    metric: ultrametric
    edges:  undirected
    weight: logdegree
    nodes:  ufcg2/data/ufcg2_nodes.txt
    graph:  ufcg2/data/ufcg2_edgelistID.npy
    input:  ufcg2/data/intersect_all_entityPairs_dbpedia_fred2_ufcg2_IDs_klformat.txt
    output: ufcg2/data/intersect_all_entityPairs_dbpedia_fred2_ufcg2_IDs.json
2019-12-05 15:34:44.934728: reading nodes from text file..
2019-12-05 15:34:45.097861: reading graph from text file..
2019-12-05 15:34:45.590531: reading input..
2019-12-05 15:34:46.553946: launching pool of 48 workers.
2019-12-05 16:08:13.566700: done

real	9m21.762s
user	7m27.432s
sys	0m17.868s

real	2m16.772s
user	1m32.588s
sys	0m22.560s
