
real	34m47.656s
user	17m48.648s
sys	0m4.980s
Traceback (most recent call last):
  File "create_fred.py", line 986, in <module>
    createFred(args.rdfpath,args.graphpath,args.fcgtype,args.init,args.passive,args.cpu,args.compilefred)
  File "create_fred.py", line 945, in createFred
    master_fcg=compileClaimGraph3(claims_path,claim_IDs,clean_claims)
  File "create_fred.py", line 845, in compileClaimGraph3
    fcg=cleanClaimGraph(fcg,clean_claims[str(claim_ID)])
KeyError: '6708'

real	94m44.866s
user	71m20.760s
sys	0m8.700s

real	7m1.669s
user	0m7.848s
sys	0m2.336s

real	9m2.582s
user	0m57.220s
sys	0m9.688s

real	4m45.198s
user	0m2.200s
sys	0m1.532s

real	4m47.987s
user	0m5.544s
sys	0m1.472s

real	4m56.955s
user	0m6.912s
sys	0m1.628s

real	5m0.140s
user	0m1.028s
sys	0m1.604s

2020-02-22 22:48:24.227253:
    metric: ultrametric
    edges:  undirected
    weight: logdegree
    nodes:  tfcg3/data/tfcg3_nodes.txt
    graph:  tfcg3/data/tfcg3_edgelistID.npy
    input:  tfcg3/data/intersect_all_entityPairs_dbpedia_fred3_tfcg3_IDs_klformat.txt
    output: tfcg3/data/intersect_all_entityPairs_dbpedia_fred3_tfcg3_IDs.json
2020-02-22 22:48:24.254146: reading nodes from text file..
2020-02-22 22:48:24.544529: reading graph from text file..
2020-02-22 22:48:26.649535: reading input..
2020-02-22 22:48:30.916789: launching pool of 48 workers.
2020-02-22 23:04:01.218805: done

2020-02-22 23:11:27.553374:
    metric: ultrametric
    edges:  undirected
    weight: logdegree
    nodes:  ffcg3/data/ffcg3_nodes.txt
    graph:  ffcg3/data/ffcg3_edgelistID.npy
    input:  ffcg3/data/intersect_all_entityPairs_dbpedia_fred3_ffcg3_IDs_klformat.txt
    output: ffcg3/data/intersect_all_entityPairs_dbpedia_fred3_ffcg3_IDs.json
2020-02-22 23:11:27.580058: reading nodes from text file..
2020-02-22 23:11:27.993953: reading graph from text file..
2020-02-22 23:11:29.999834: reading input..
2020-02-22 23:11:33.883234: launching pool of 48 workers.
2020-02-22 23:45:15.665650: done

2020-02-22 23:53:01.455569:
    metric: ultrametric
    edges:  undirected
    weight: logdegree
    nodes:  ufcg3/data/ufcg3_nodes.txt
    graph:  ufcg3/data/ufcg3_edgelistID.npy
    input:  ufcg3/data/intersect_all_entityPairs_dbpedia_fred3_ufcg3_IDs_klformat.txt
    output: ufcg3/data/intersect_all_entityPairs_dbpedia_fred3_ufcg3_IDs.json
2020-02-22 23:53:01.485171: reading nodes from text file..
2020-02-22 23:53:01.806745: reading graph from text file..
2020-02-22 23:53:08.361098: reading input..
2020-02-22 23:53:13.001797: launching pool of 48 workers.
2020-02-23 00:34:47.454763: done

real	12m54.108s
user	7m22.592s
sys	0m18.132s

real	6m36.569s
user	1m43.264s
sys	0m25.084s
