
real	0m19.267s
user	6m31.432s
sys	0m32.572s

real	0m57.904s
user	24m4.040s
sys	1m33.516s

real	0m8.339s
user	0m4.864s
sys	0m1.312s

real	1m10.087s
user	0m59.592s
sys	0m9.176s

real	0m3.257s
user	0m1.332s
sys	0m0.756s

real	0m5.273s
user	0m3.580s
sys	0m0.784s

real	0m6.819s
user	0m4.844s
sys	0m0.800s

real	0m2.580s
user	0m0.632s
sys	0m0.740s

2020-05-26 01:28:22.434255:
    metric: ultrametric
    edges:  undirected
    weight: logdegree
    nodes:  tfcg1/data/tfcg1_nodes.txt
    graph:  tfcg1/data/tfcg1_edgelistID.npy
    input:  tfcg1/data/intersect_all_entityPairs_dbpedia_fred1_tfcg1_IDs_klformat.txt
    output: tfcg1/data/intersect_all_entityPairs_dbpedia_fred1_tfcg1_IDs.json
2020-05-26 01:28:22.435263: reading nodes from text file..
2020-05-26 01:28:22.440580: reading graph from text file..
2020-05-26 01:28:22.449737: reading input..
2020-05-26 01:28:23.137942: launching pool of 48 workers.
2020-05-26 01:41:22.821905: done

2020-05-26 01:41:34.810971:
    metric: ultrametric
    edges:  undirected
    weight: logdegree
    nodes:  ffcg1/data/ffcg1_nodes.txt
    graph:  ffcg1/data/ffcg1_edgelistID.npy
    input:  ffcg1/data/intersect_all_entityPairs_dbpedia_fred1_ffcg1_IDs_klformat.txt
    output: ffcg1/data/intersect_all_entityPairs_dbpedia_fred1_ffcg1_IDs.json
2020-05-26 01:41:34.811729: reading nodes from text file..
2020-05-26 01:41:34.819479: reading graph from text file..
2020-05-26 01:41:34.859095: reading input..
2020-05-26 01:41:35.550909: launching pool of 48 workers.
2020-05-26 02:12:41.949611: done

2020-05-26 02:12:56.415778:
    metric: ultrametric
    edges:  undirected
    weight: logdegree
    nodes:  ufcg1/data/ufcg1_nodes.txt
    graph:  ufcg1/data/ufcg1_edgelistID.npy
    input:  ufcg1/data/intersect_all_entityPairs_dbpedia_fred1_ufcg1_IDs_klformat.txt
    output: ufcg1/data/intersect_all_entityPairs_dbpedia_fred1_ufcg1_IDs.json
2020-05-26 02:12:56.416753: reading nodes from text file..
2020-05-26 02:12:56.423308: reading graph from text file..
2020-05-26 02:12:56.466964: reading input..
2020-05-26 02:12:57.187265: launching pool of 48 workers.
2020-05-26 02:50:10.791912: done

real	8m2.811s
user	7m33.528s
sys	0m28.020s

real	0m53.947s
user	0m41.640s
sys	0m11.180s
