
real	0m11.003s
user	0m1.128s
sys	0m0.532s

real	0m5.681s
user	0m3.024s
sys	0m0.496s

real	0m8.730s
user	0m4.624s
sys	0m0.580s

real	1m23.171s
user	0m52.312s
sys	0m8.696s

real	0m8.751s
user	0m1.912s
sys	0m1.072s

real	0m9.248s
user	0m5.780s
sys	0m1.032s

real	0m10.888s
user	0m8.076s
sys	0m1.028s

real	0m4.288s
user	0m0.740s
sys	0m0.960s

2020-01-29 10:22:41.436555:
    metric: ultrametric
    edges:  undirected
    weight: logdegree
    nodes:  tfcg_old/data/tfcg_old_nodes.txt
    graph:  tfcg_old/data/tfcg_old_edgelistID.npy
    input:  tfcg_old/data/intersect_all_entityPairs_dbpedia_old_fred_tfcg_old_IDs_klformat.txt
    output: tfcg_old/data/intersect_all_entityPairs_dbpedia_old_fred_tfcg_old_IDs.json
2020-01-29 10:22:41.437737: reading nodes from text file..
2020-01-29 10:22:41.447562: reading graph from text file..
2020-01-29 10:22:41.514891: reading input..
2020-01-29 10:22:42.095233: launching pool of 48 workers.
2020-01-29 10:37:02.504981: done

2020-01-29 10:38:27.908811:
    metric: ultrametric
    edges:  undirected
    weight: logdegree
    nodes:  ffcg_old/data/ffcg_old_nodes.txt
    graph:  ffcg_old/data/ffcg_old_edgelistID.npy
    input:  ffcg_old/data/intersect_all_entityPairs_dbpedia_old_fred_ffcg_old_IDs_klformat.txt
    output: ffcg_old/data/intersect_all_entityPairs_dbpedia_old_fred_ffcg_old_IDs.json
2020-01-29 10:38:27.910226: reading nodes from text file..
2020-01-29 10:38:27.925715: reading graph from text file..
2020-01-29 10:38:27.975958: reading input..
2020-01-29 10:38:28.613483: launching pool of 48 workers.
2020-01-29 11:14:00.822592: done

2020-01-29 11:15:30.668850:
    metric: ultrametric
    edges:  undirected
    weight: logdegree
    nodes:  ufcg_old/data/ufcg_old_nodes.txt
    graph:  ufcg_old/data/ufcg_old_edgelistID.npy
    input:  ufcg_old/data/intersect_all_entityPairs_dbpedia_old_fred_ufcg_old_IDs_klformat.txt
    output: ufcg_old/data/intersect_all_entityPairs_dbpedia_old_fred_ufcg_old_IDs.json
2020-01-29 11:15:30.670008: reading nodes from text file..
2020-01-29 11:15:30.687245: reading graph from text file..
2020-01-29 11:15:30.741285: reading input..
2020-01-29 11:15:31.477789: launching pool of 48 workers.
2020-01-29 12:00:03.752799: done

real	7m42.255s
user	7m15.700s
sys	0m17.636s

real	1m17.678s
user	1m45.176s
sys	0m27.640s
