
real	22m54.415s
user	0m21.000s
sys	0m9.312s

real	42m3.476s
user	1m29.336s
sys	0m20.716s

real	13m51.224s
user	0m8.500s
sys	0m2.900s

real	29m13.253s
user	1m3.356s
sys	0m10.676s

real	9m22.179s
user	0m2.464s
sys	0m1.896s

real	9m13.793s
user	0m5.676s
sys	0m1.944s

real	9m24.969s
user	0m7.012s
sys	0m1.988s

real	9m26.971s
user	0m1.268s
sys	0m1.964s

2019-11-19 13:34:37.553877:
    metric: ultrametric
    edges:  undirected
    weight: logdegree
    nodes:  tfcg1/data/tfcg1_nodes.txt
    graph:  tfcg1/data/tfcg1_edgelistID.npy
    input:  tfcg1/data/intersect_all_entityPairs_dbpedia_fred1_tfcg1_IDs_klformat.txt
    output: tfcg1/data/intersect_all_entityPairs_dbpedia_fred1_tfcg1_IDs.json
2019-11-19 13:34:37.600282: reading nodes from text file..
2019-11-19 13:34:38.072341: reading graph from text file..
2019-11-19 13:34:39.295513: reading input..
2019-11-19 13:34:45.499578: launching pool of 48 workers.
2019-11-19 13:53:06.721857: done

2019-11-19 14:04:53.079817:
    metric: ultrametric
    edges:  undirected
    weight: logdegree
    nodes:  ffcg1/data/ffcg1_nodes.txt
    graph:  ffcg1/data/ffcg1_edgelistID.npy
    input:  ffcg1/data/intersect_all_entityPairs_dbpedia_fred1_ffcg1_IDs_klformat.txt
    output: ffcg1/data/intersect_all_entityPairs_dbpedia_fred1_ffcg1_IDs.json
2019-11-19 14:04:53.124121: reading nodes from text file..
2019-11-19 14:04:53.636865: reading graph from text file..
2019-11-19 14:04:54.554936: reading input..
2019-11-19 14:05:02.301937: launching pool of 48 workers.
2019-11-19 14:46:03.527940: done
slurmstepd: error: *** JOB 56999 ON nid00349 CANCELLED AT 2019-11-19T14:56:16 DUE TO TIME LIMIT ***
