
real	27m0.480s
user	15m22.160s
sys	0m10.204s

real	126m50.473s
user	111m47.796s
sys	0m37.500s

real	7m12.392s
user	0m7.460s
sys	0m2.408s

real	9m5.240s
user	0m54.704s
sys	0m9.052s

real	4m52.086s
user	0m2.140s
sys	0m1.532s

real	4m52.155s
user	0m5.020s
sys	0m1.588s

real	4m54.715s
user	0m6.604s
sys	0m1.476s

real	4m56.454s
user	0m0.980s
sys	0m1.628s

2020-02-22 23:12:54.194616:
    metric: ultrametric
    edges:  undirected
    weight: logdegree
    nodes:  tfcg2/data/tfcg2_nodes.txt
    graph:  tfcg2/data/tfcg2_edgelistID.npy
    input:  tfcg2/data/intersect_all_entityPairs_dbpedia_fred2_tfcg2_IDs_klformat.txt
    output: tfcg2/data/intersect_all_entityPairs_dbpedia_fred2_tfcg2_IDs.json
2020-02-22 23:12:54.226054: reading nodes from text file..
2020-02-22 23:12:54.510587: reading graph from text file..
2020-02-22 23:12:56.609646: reading input..
2020-02-22 23:13:00.728397: launching pool of 48 workers.
2020-02-22 23:25:38.001520: done

2020-02-22 23:33:06.566212:
    metric: ultrametric
    edges:  undirected
    weight: logdegree
    nodes:  ffcg2/data/ffcg2_nodes.txt
    graph:  ffcg2/data/ffcg2_edgelistID.npy
    input:  ffcg2/data/intersect_all_entityPairs_dbpedia_fred2_ffcg2_IDs_klformat.txt
    output: ffcg2/data/intersect_all_entityPairs_dbpedia_fred2_ffcg2_IDs.json
2020-02-22 23:33:06.594506: reading nodes from text file..
2020-02-22 23:33:06.846161: reading graph from text file..
2020-02-22 23:33:08.839697: reading input..
2020-02-22 23:33:12.799645: launching pool of 48 workers.
2020-02-23 00:00:56.350093: done

2020-02-23 00:08:40.981579:
    metric: ultrametric
    edges:  undirected
    weight: logdegree
    nodes:  ufcg2/data/ufcg2_nodes.txt
    graph:  ufcg2/data/ufcg2_edgelistID.npy
    input:  ufcg2/data/intersect_all_entityPairs_dbpedia_fred2_ufcg2_IDs_klformat.txt
    output: ufcg2/data/intersect_all_entityPairs_dbpedia_fred2_ufcg2_IDs.json
2020-02-23 00:08:41.008454: reading nodes from text file..
2020-02-23 00:08:41.331718: reading graph from text file..
2020-02-23 00:08:43.473883: reading input..
2020-02-23 00:08:47.652324: launching pool of 48 workers.
2020-02-23 00:42:42.580672: done

real	12m44.696s
user	7m17.280s
sys	0m17.740s

real	6m24.321s
user	1m33.768s
sys	0m23.072s
