
real	37m59.967s
user	15m26.460s
sys	0m11.956s

real	152m39.073s
user	112m1.744s
sys	0m33.912s

real	13m35.596s
user	0m8.104s
sys	0m2.848s

real	28m30.898s
user	0m57.536s
sys	0m10.232s

real	9m1.860s
user	0m2.288s
sys	0m1.980s

real	9m12.985s
user	0m5.404s
sys	0m1.820s

real	9m24.462s
user	0m6.836s
sys	0m1.928s

real	9m0.717s
user	0m1.260s
sys	0m1.972s

2019-11-19 15:38:19.596278:
    metric: ultrametric
    edges:  undirected
    weight: logdegree
    nodes:  tfcg2/data/tfcg2_nodes.txt
    graph:  tfcg2/data/tfcg2_edgelistID.npy
    input:  tfcg2/data/intersect_all_entityPairs_dbpedia_fred2_tfcg2_IDs_klformat.txt
    output: tfcg2/data/intersect_all_entityPairs_dbpedia_fred2_tfcg2_IDs.json
2019-11-19 15:38:19.640745: reading nodes from text file..
2019-11-19 15:38:20.258253: reading graph from text file..
2019-11-19 15:38:21.367446: reading input..
2019-11-19 15:38:26.760402: launching pool of 48 workers.
2019-11-19 15:51:08.055024: done
slurmstepd: error: *** JOB 57006 ON nid00367 CANCELLED AT 2019-11-19T15:56:29 DUE TO TIME LIMIT ***
