usage: create_old.py [-h] [-gp graph path] [-fcg FactCheckGraph class]
                     [-ft FactCheckGraph type]
create_old.py: error: unrecognized arguments: -kg tfcg

real	0m3.174s
user	0m0.320s
sys	0m0.412s
usage: create_old.py [-h] [-gp graph path] [-fcg FactCheckGraph class]
                     [-ft FactCheckGraph type]
create_old.py: error: unrecognized arguments: -kg ffcg

real	0m1.281s
user	0m0.288s
sys	0m0.324s
usage: create_old.py [-h] [-gp graph path] [-fcg FactCheckGraph class]
                     [-ft FactCheckGraph type]
create_old.py: error: unrecognized arguments: -kg ufcg

real	0m1.279s
user	0m0.272s
sys	0m0.396s

real	1m19.595s
user	0m52.680s
sys	0m8.524s

real	0m5.842s
user	0m1.972s
sys	0m0.980s

real	0m8.799s
user	0m5.808s
sys	0m0.948s
Traceback (most recent call last):
  File "calculate_stats.py", line 72, in <module>
    calculate_stats(args.graphpath,args.graphclass,args.graphtype)
  File "calculate_stats.py", line 17, in calculate_stats
    G=nx.read_edgelist(read_path+".edgelist",comments="@")
  File "</N/u/zkachwal/Carbonate/miniconda3/lib/python3.7/site-packages/decorator.py:decorator-gen-584>", line 2, in read_edgelist
  File "/N/u/zkachwal/Carbonate/miniconda3/lib/python3.7/site-packages/networkx/utils/decorators.py", line 214, in _open_file
    fobj = _dispatch_dict[ext](path, mode=mode)
FileNotFoundError: [Errno 2] No such file or directory: '/gpfs/home/z/k/zkachwal/BigRed3/factcheckgraph_data/graphs/old_fred/ufcg_old/ufcg_old.edgelist'

real	0m2.962s
user	0m0.700s
sys	0m0.908s

real	0m4.425s
user	0m0.748s
sys	0m1.120s

2020-01-27 15:42:32.015962:
    metric: ultrametric
    edges:  undirected
    weight: logdegree
    nodes:  tfcg_old/data/tfcg_old_nodes.txt
    graph:  tfcg_old/data/tfcg_old_edgelistID.npy
    input:  tfcg_old/data/intersect_all_entityPairs_dbpedia_old_fred_tfcg_old_IDs_klformat.txt
    output: tfcg_old/data/intersect_all_entityPairs_dbpedia_old_fred_tfcg_old_IDs.json
2020-01-27 15:42:32.016955: reading nodes from text file..
2020-01-27 15:42:32.043636: reading graph from text file..
2020-01-27 15:42:32.115625: reading input..
2020-01-27 15:42:32.729076: launching pool of 48 workers.
2020-01-27 15:57:23.984089: done

2020-01-27 15:58:42.857820:
    metric: ultrametric
    edges:  undirected
    weight: logdegree
    nodes:  ffcg_old/data/ffcg_old_nodes.txt
    graph:  ffcg_old/data/ffcg_old_edgelistID.npy
    input:  ffcg_old/data/intersect_all_entityPairs_dbpedia_old_fred_ffcg_old_IDs_klformat.txt
    output: ffcg_old/data/intersect_all_entityPairs_dbpedia_old_fred_ffcg_old_IDs.json
2020-01-27 15:58:42.859108: reading nodes from text file..
2020-01-27 15:58:42.900583: reading graph from text file..
2020-01-27 15:58:42.950182: reading input..
2020-01-27 15:58:43.604943: launching pool of 48 workers.
2020-01-27 16:35:08.586060: done

2020-01-27 16:36:29.897261:
    metric: ultrametric
    edges:  undirected
    weight: logdegree
    nodes:  ufcg_old/data/ufcg_old_nodes.txt
    graph:  ufcg_old/data/ufcg_old_edgelistID.npy
    input:  ufcg_old/data/intersect_all_entityPairs_dbpedia_old_fred_ufcg_old_IDs_klformat.txt
    output: ufcg_old/data/intersect_all_entityPairs_dbpedia_old_fred_ufcg_old_IDs.json
2020-01-27 16:36:29.898720: reading nodes from text file..
2020-01-27 16:36:29.917012: reading graph from text file..
2020-01-27 16:36:29.994976: reading input..
2020-01-27 16:36:30.702553: launching pool of 48 workers.
2020-01-27 17:22:02.425183: done

real	8m6.880s
user	7m39.784s
sys	0m17.900s

real	1m15.644s
user	1m42.980s
sys	0m27.004s
