
real	15m17.215s
user	15m16.428s
sys	0m10.712s

real	0m40.262s
user	1m32.748s
sys	0m13.640s

real	0m20.632s
user	0m9.196s
sys	0m1.720s

real	1m21.336s
user	0m55.004s
sys	0m8.656s

real	0m7.365s
user	0m1.772s
sys	0m1.012s

real	0m12.213s
user	0m6.508s
sys	0m1.108s

real	0m13.105s
user	0m8.216s
sys	0m1.056s

real	0m5.485s
user	0m0.668s
sys	0m1.088s

2020-01-23 15:32:42.557901:
    metric: ultrametric
    edges:  undirected
    weight: logdegree
    nodes:  tfcg2/data/tfcg2_nodes.txt
    graph:  tfcg2/data/tfcg2_edgelistID.npy
    input:  tfcg2/data/intersect_all_entityPairs_dbpedia_fred2_tfcg2_IDs_klformat.txt
    output: tfcg2/data/intersect_all_entityPairs_dbpedia_fred2_tfcg2_IDs.json
2020-01-23 15:32:42.558988: reading nodes from text file..
2020-01-23 15:32:42.568003: reading graph from text file..
2020-01-23 15:32:42.614577: reading input..
2020-01-23 15:32:43.303221: launching pool of 48 workers.
2020-01-23 15:47:31.365326: done

2020-01-23 15:48:27.327230:
    metric: ultrametric
    edges:  undirected
    weight: logdegree
    nodes:  ffcg2/data/ffcg2_nodes.txt
    graph:  ffcg2/data/ffcg2_edgelistID.npy
    input:  ffcg2/data/intersect_all_entityPairs_dbpedia_fred2_ffcg2_IDs_klformat.txt
    output: ffcg2/data/intersect_all_entityPairs_dbpedia_fred2_ffcg2_IDs.json
2020-01-23 15:48:27.328253: reading nodes from text file..
2020-01-23 15:48:27.351283: reading graph from text file..
2020-01-23 15:48:27.409816: reading input..
2020-01-23 15:48:28.105968: launching pool of 48 workers.
2020-01-23 16:49:35.801865: done

2020-01-23 16:51:36.937906:
    metric: ultrametric
    edges:  undirected
    weight: logdegree
    nodes:  ufcg2/data/ufcg2_nodes.txt
    graph:  ufcg2/data/ufcg2_edgelistID.npy
    input:  ufcg2/data/intersect_all_entityPairs_dbpedia_fred2_ufcg2_IDs_klformat.txt
    output: ufcg2/data/intersect_all_entityPairs_dbpedia_fred2_ufcg2_IDs.json
2020-01-23 16:51:36.938929: reading nodes from text file..
2020-01-23 16:51:36.961411: reading graph from text file..
2020-01-23 16:51:37.028785: reading input..
2020-01-23 16:51:37.750874: launching pool of 48 workers.
2020-01-23 17:59:13.485651: done

real	7m45.905s
user	7m19.408s
sys	0m17.768s

real	1m27.729s
user	1m50.484s
sys	0m29.220s
