Traceback (most recent call last):
  File "create_fred.py", line 968, in <module>
    createFred(args.rdfpath,args.graphpath,args.fcgtype,args.init,args.passive,args.cpu,args.compilefred)
  File "create_fred.py", line 925, in createFred
    master_fcg=cleanClaimGraph(master_fcg,master_clean)
  File "create_fred.py", line 761, in cleanClaimGraph
    claim_g.remove(*edge)
AttributeError: 'Graph' object has no attribute 'remove'

real	4m25.828s
user	0m19.412s
sys	0m8.528s
Traceback (most recent call last):
  File "create_fred.py", line 968, in <module>
    createFred(args.rdfpath,args.graphpath,args.fcgtype,args.init,args.passive,args.cpu,args.compilefred)
  File "create_fred.py", line 925, in createFred
    master_fcg=cleanClaimGraph(master_fcg,master_clean)
  File "create_fred.py", line 761, in cleanClaimGraph
    claim_g.remove(*edge)
AttributeError: 'Graph' object has no attribute 'remove'

real	7m9.150s
user	1m34.464s
sys	0m18.668s

real	3m40.999s
user	0m7.444s
sys	0m1.912s

real	3m37.717s
user	0m56.092s
sys	0m8.920s

real	2m16.614s
user	0m1.804s
sys	0m1.208s

real	2m23.017s
user	0m4.448s
sys	0m1.280s

real	2m27.506s
user	0m5.812s
sys	0m1.248s

real	2m39.349s
user	0m0.896s
sys	0m1.296s

2019-11-18 23:48:00.541529:
    metric: ultrametric
    edges:  undirected
    weight: logdegree
    nodes:  tfcg2/data/tfcg2_nodes.txt
    graph:  tfcg2/data/tfcg2_edgelistID.npy
    input:  tfcg2/data/intersect_all_entityPairs_dbpedia_fred2_tfcg2_IDs_klformat.txt
    output: tfcg2/data/intersect_all_entityPairs_dbpedia_fred2_tfcg2_IDs.json
2019-11-18 23:48:00.541812: reading nodes from text file..
2019-11-18 23:48:00.932754: reading graph from text file..
2019-11-18 23:48:01.018366: reading input..
2019-11-18 23:48:01.947081: launching pool of 48 workers.
2019-11-19 00:05:30.972888: done

2019-11-19 00:07:58.468602:
    metric: ultrametric
    edges:  undirected
    weight: logdegree
    nodes:  ffcg2/data/ffcg2_nodes.txt
    graph:  ffcg2/data/ffcg2_edgelistID.npy
    input:  ffcg2/data/intersect_all_entityPairs_dbpedia_fred2_ffcg2_IDs_klformat.txt
    output: ffcg2/data/intersect_all_entityPairs_dbpedia_fred2_ffcg2_IDs.json
2019-11-19 00:07:58.468898: reading nodes from text file..
2019-11-19 00:07:58.741832: reading graph from text file..
2019-11-19 00:07:58.850611: reading input..
2019-11-19 00:08:00.013860: launching pool of 48 workers.
2019-11-19 00:49:18.653272: done

2019-11-19 00:53:36.617672:
    metric: ultrametric
    edges:  undirected
    weight: logdegree
    nodes:  ufcg2/data/ufcg2_nodes.txt
    graph:  ufcg2/data/ufcg2_edgelistID.npy
    input:  ufcg2/data/intersect_all_entityPairs_dbpedia_fred2_ufcg2_IDs_klformat.txt
    output: ufcg2/data/intersect_all_entityPairs_dbpedia_fred2_ufcg2_IDs.json
2019-11-19 00:53:36.617976: reading nodes from text file..
2019-11-19 00:53:37.144411: reading graph from text file..
2019-11-19 00:53:37.393931: reading input..
2019-11-19 00:53:38.495067: launching pool of 48 workers.
2019-11-19 01:46:50.469844: done

real	9m28.582s
user	7m31.636s
sys	0m18.476s

real	3m18.540s
user	1m53.024s
sys	0m28.676s
