
real	0m26.060s
user	6m27.320s
sys	0m35.216s

real	0m58.124s
user	23m53.868s
sys	1m46.264s

real	0m8.172s
user	0m4.540s
sys	0m1.404s

real	1m12.805s
user	1m1.364s
sys	0m9.552s

real	0m3.316s
user	0m1.312s
sys	0m0.756s

real	0m4.714s
user	0m2.944s
sys	0m0.804s

real	0m5.408s
user	0m3.444s
sys	0m0.880s

real	0m2.718s
user	0m0.620s
sys	0m0.776s

2020-05-28 19:29:03.777056:
    metric: ultrametric
    edges:  undirected
    weight: logdegree
    nodes:  tfcg1/data/tfcg1_nodes.txt
    graph:  tfcg1/data/tfcg1_edgelistID.npy
    input:  tfcg1/data/intersect_all_entityPairs_dbpedia_fred1_tfcg1_IDs_klformat.txt
    output: tfcg1/data/intersect_all_entityPairs_dbpedia_fred1_tfcg1_IDs.json
2020-05-28 19:29:03.777988: reading nodes from text file..
2020-05-28 19:29:03.781058: reading graph from text file..
2020-05-28 19:29:03.789485: reading input..
2020-05-28 19:29:04.506251: launching pool of 48 workers.
2020-05-28 19:44:13.184209: done

2020-05-28 19:44:27.140679:
    metric: ultrametric
    edges:  undirected
    weight: logdegree
    nodes:  ffcg1/data/ffcg1_nodes.txt
    graph:  ffcg1/data/ffcg1_edgelistID.npy
    input:  ffcg1/data/intersect_all_entityPairs_dbpedia_fred1_ffcg1_IDs_klformat.txt
    output: ffcg1/data/intersect_all_entityPairs_dbpedia_fred1_ffcg1_IDs.json
2020-05-28 19:44:27.141680: reading nodes from text file..
2020-05-28 19:44:27.152840: reading graph from text file..
2020-05-28 19:44:27.191650: reading input..
2020-05-28 19:44:27.930078: launching pool of 48 workers.
2020-05-28 20:22:10.297389: done

2020-05-28 20:22:27.081713:
    metric: ultrametric
    edges:  undirected
    weight: logdegree
    nodes:  ufcg1/data/ufcg1_nodes.txt
    graph:  ufcg1/data/ufcg1_edgelistID.npy
    input:  ufcg1/data/intersect_all_entityPairs_dbpedia_fred1_ufcg1_IDs_klformat.txt
    output: ufcg1/data/intersect_all_entityPairs_dbpedia_fred1_ufcg1_IDs.json
2020-05-28 20:22:27.083001: reading nodes from text file..
2020-05-28 20:22:27.091941: reading graph from text file..
2020-05-28 20:22:27.138213: reading input..
2020-05-28 20:22:27.866957: launching pool of 48 workers.
2020-05-28 21:08:42.143800: done

real	8m6.775s
user	7m36.020s
sys	0m28.304s

real	1m1.280s
user	0m46.288s
sys	0m12.276s
