
real	2m15.626s
user	0m23.884s
sys	0m9.104s

real	4m32.529s
user	1m30.332s
sys	0m19.448s

real	2m16.691s
user	0m7.640s
sys	0m2.048s

real	2m45.605s
user	0m58.928s
sys	0m8.992s

real	0m56.442s
user	0m1.856s
sys	0m1.264s

real	0m58.303s
user	0m4.560s
sys	0m1.296s

real	0m44.975s
user	0m6.124s
sys	0m1.204s

real	1m25.009s
user	0m0.916s
sys	0m1.240s

2019-11-17 13:48:04.069790:
    metric: ultrametric
    edges:  undirected
    weight: logdegree
    nodes:  tfcg1/data/tfcg1_nodes.txt
    graph:  tfcg1/data/tfcg1_edgelistID.npy
    input:  tfcg1/data/intersect_all_entityPairs_dbpedia_fred1_tfcg1_IDs_klformat.txt
    output: tfcg1/data/intersect_all_entityPairs_dbpedia_fred1_tfcg1_IDs.json
2019-11-17 13:48:04.070075: reading nodes from text file..
2019-11-17 13:48:04.286709: reading graph from text file..
2019-11-17 13:48:04.547236: reading input..
2019-11-17 13:48:05.465527: launching pool of 48 workers.
2019-11-17 14:09:04.259341: done

2019-11-17 14:13:00.779821:
    metric: ultrametric
    edges:  undirected
    weight: logdegree
    nodes:  ffcg1/data/ffcg1_nodes.txt
    graph:  ffcg1/data/ffcg1_edgelistID.npy
    input:  ffcg1/data/intersect_all_entityPairs_dbpedia_fred1_ffcg1_IDs_klformat.txt
    output: ffcg1/data/intersect_all_entityPairs_dbpedia_fred1_ffcg1_IDs.json
2019-11-17 14:13:00.780221: reading nodes from text file..
2019-11-17 14:13:00.907960: reading graph from text file..
2019-11-17 14:13:01.048212: reading input..
2019-11-17 14:13:02.100778: launching pool of 48 workers.
2019-11-17 15:03:25.470496: done

2019-11-17 15:07:55.272147:
    metric: ultrametric
    edges:  undirected
    weight: logdegree
    nodes:  ufcg1/data/ufcg1_nodes.txt
    graph:  ufcg1/data/ufcg1_edgelistID.npy
    input:  ufcg1/data/intersect_all_entityPairs_dbpedia_fred1_ufcg1_IDs_klformat.txt
    output: ufcg1/data/intersect_all_entityPairs_dbpedia_fred1_ufcg1_IDs.json
2019-11-17 15:07:55.272458: reading nodes from text file..
2019-11-17 15:07:55.466171: reading graph from text file..
2019-11-17 15:07:55.620823: reading input..
2019-11-17 15:07:57.018791: launching pool of 48 workers.
2019-11-17 16:08:47.813659: done

real	8m45.261s
user	7m18.524s
sys	0m17.980s

real	3m56.885s
user	2m12.580s
sys	0m37.140s
