
real	0m19.786s
user	6m13.216s
sys	0m29.916s

real	0m57.005s
user	23m26.132s
sys	1m31.588s

real	0m8.779s
user	0m4.560s
sys	0m1.472s

real	1m11.912s
user	1m0.860s
sys	0m9.428s

real	0m3.497s
user	0m1.236s
sys	0m0.828s

real	0m5.272s
user	0m3.404s
sys	0m0.732s

real	0m6.905s
user	0m4.732s
sys	0m0.716s

real	0m2.955s
user	0m0.620s
sys	0m0.788s

2020-05-27 00:38:07.783846:
    metric: ultrametric
    edges:  undirected
    weight: logdegree
    nodes:  tfcg1/data/tfcg1_nodes.txt
    graph:  tfcg1/data/tfcg1_edgelistID.npy
    input:  tfcg1/data/intersect_all_entityPairs_dbpedia_fred1_tfcg1_IDs_klformat.txt
    output: tfcg1/data/intersect_all_entityPairs_dbpedia_fred1_tfcg1_IDs.json
2020-05-27 00:38:07.784852: reading nodes from text file..
2020-05-27 00:38:07.788082: reading graph from text file..
2020-05-27 00:38:07.796546: reading input..
2020-05-27 00:38:08.515372: launching pool of 48 workers.
2020-05-27 00:52:38.873551: done

2020-05-27 00:52:51.663675:
    metric: ultrametric
    edges:  undirected
    weight: logdegree
    nodes:  ffcg1/data/ffcg1_nodes.txt
    graph:  ffcg1/data/ffcg1_edgelistID.npy
    input:  ffcg1/data/intersect_all_entityPairs_dbpedia_fred1_ffcg1_IDs_klformat.txt
    output: ffcg1/data/intersect_all_entityPairs_dbpedia_fred1_ffcg1_IDs.json
2020-05-27 00:52:51.664708: reading nodes from text file..
2020-05-27 00:52:51.672828: reading graph from text file..
2020-05-27 00:52:51.711600: reading input..
2020-05-27 00:52:52.451923: launching pool of 48 workers.
2020-05-27 01:28:46.523880: done

2020-05-27 01:29:01.287784:
    metric: ultrametric
    edges:  undirected
    weight: logdegree
    nodes:  ufcg1/data/ufcg1_nodes.txt
    graph:  ufcg1/data/ufcg1_edgelistID.npy
    input:  ufcg1/data/intersect_all_entityPairs_dbpedia_fred1_ufcg1_IDs_klformat.txt
    output: ufcg1/data/intersect_all_entityPairs_dbpedia_fred1_ufcg1_IDs.json
2020-05-27 01:29:01.288587: reading nodes from text file..
2020-05-27 01:29:01.295247: reading graph from text file..
2020-05-27 01:29:01.341163: reading input..
2020-05-27 01:29:02.070938: launching pool of 48 workers.
2020-05-27 02:12:59.017420: done

real	8m11.492s
user	7m41.712s
sys	0m28.256s

real	0m57.789s
user	0m44.728s
sys	0m11.676s
