
real	2m22.328s
user	0m55.260s
sys	0m8.908s

real	0m22.822s
user	0m2.024s
sys	0m1.160s

real	0m11.574s
user	0m5.524s
sys	0m1.088s

real	0m12.158s
user	0m7.916s
sys	0m0.956s

real	0m6.449s
user	0m0.740s
sys	0m0.992s

2019-11-26 18:18:02.827784:
    metric: ultrametric
    edges:  undirected
    weight: logdegree
    nodes:  tfcg_old/data/tfcg_old_nodes.txt
    graph:  tfcg_old/data/tfcg_old_edgelistID.npy
    input:  tfcg_old/data/intersect_all_entityPairs_dbpedia_old_fred_tfcg_old_IDs_klformat.txt
    output: tfcg_old/data/intersect_all_entityPairs_dbpedia_old_fred_tfcg_old_IDs.json
2019-11-26 18:18:02.828195: reading nodes from text file..
2019-11-26 18:18:02.909997: reading graph from text file..
2019-11-26 18:18:03.127366: reading input..
2019-11-26 18:18:03.886425: launching pool of 48 workers.
2019-11-26 18:34:08.495183: done

2019-11-26 18:35:57.013035:
    metric: ultrametric
    edges:  undirected
    weight: logdegree
    nodes:  ffcg_old/data/ffcg_old_nodes.txt
    graph:  ffcg_old/data/ffcg_old_edgelistID.npy
    input:  ffcg_old/data/intersect_all_entityPairs_dbpedia_old_fred_ffcg_old_IDs_klformat.txt
    output: ffcg_old/data/intersect_all_entityPairs_dbpedia_old_fred_ffcg_old_IDs.json
2019-11-26 18:35:57.013519: reading nodes from text file..
2019-11-26 18:35:57.149688: reading graph from text file..
2019-11-26 18:35:57.316138: reading input..
2019-11-26 18:35:58.090434: launching pool of 48 workers.
2019-11-26 19:14:10.662754: done

2019-11-26 19:15:47.816943:
    metric: ultrametric
    edges:  undirected
    weight: logdegree
    nodes:  ufcg_old/data/ufcg_old_nodes.txt
    graph:  ufcg_old/data/ufcg_old_edgelistID.npy
    input:  ufcg_old/data/intersect_all_entityPairs_dbpedia_old_fred_ufcg_old_IDs_klformat.txt
    output: ufcg_old/data/intersect_all_entityPairs_dbpedia_old_fred_ufcg_old_IDs.json
2019-11-26 19:15:47.817587: reading nodes from text file..
2019-11-26 19:15:48.056106: reading graph from text file..
2019-11-26 19:15:48.188877: reading input..
2019-11-26 19:15:49.126627: launching pool of 48 workers.
2019-11-26 20:03:55.285640: done

real	8m33.926s
user	7m25.760s
sys	0m18.168s

real	2m28.432s
user	1m56.704s
sys	0m30.476s
