
real	2m26.161s
user	0m53.660s
sys	0m9.100s

real	0m25.516s
user	0m2.068s
sys	0m1.056s

real	0m9.534s
user	0m5.756s
sys	0m1.036s

real	0m11.233s
user	0m8.068s
sys	0m1.052s

real	0m6.394s
user	0m0.764s
sys	0m1.040s

2019-12-05 01:54:52.922061:
    metric: ultrametric
    edges:  undirected
    weight: logdegree
    nodes:  tfcg_old/data/tfcg_old_nodes.txt
    graph:  tfcg_old/data/tfcg_old_edgelistID.npy
    input:  tfcg_old/data/intersect_all_entityPairs_dbpedia_old_fred_tfcg_old_IDs_klformat.txt
    output: tfcg_old/data/intersect_all_entityPairs_dbpedia_old_fred_tfcg_old_IDs.json
2019-12-05 01:54:52.922862: reading nodes from text file..
2019-12-05 01:54:53.028854: reading graph from text file..
2019-12-05 01:54:53.315881: reading input..
2019-12-05 01:54:54.323941: launching pool of 48 workers.
2019-12-05 02:09:22.841249: done

2019-12-05 02:11:38.175388:
    metric: ultrametric
    edges:  undirected
    weight: logdegree
    nodes:  ffcg_old/data/ffcg_old_nodes.txt
    graph:  ffcg_old/data/ffcg_old_edgelistID.npy
    input:  ffcg_old/data/intersect_all_entityPairs_dbpedia_old_fred_ffcg_old_IDs_klformat.txt
    output: ffcg_old/data/intersect_all_entityPairs_dbpedia_old_fred_ffcg_old_IDs.json
2019-12-05 02:11:38.175673: reading nodes from text file..
2019-12-05 02:11:38.353148: reading graph from text file..
2019-12-05 02:11:38.543651: reading input..
2019-12-05 02:11:39.547609: launching pool of 48 workers.
2019-12-05 02:47:35.155779: done

2019-12-05 02:49:43.078684:
    metric: ultrametric
    edges:  undirected
    weight: logdegree
    nodes:  ufcg_old/data/ufcg_old_nodes.txt
    graph:  ufcg_old/data/ufcg_old_edgelistID.npy
    input:  ufcg_old/data/intersect_all_entityPairs_dbpedia_old_fred_ufcg_old_IDs_klformat.txt
    output: ufcg_old/data/intersect_all_entityPairs_dbpedia_old_fred_ufcg_old_IDs.json
2019-12-05 02:49:43.078998: reading nodes from text file..
2019-12-05 02:49:43.302423: reading graph from text file..
2019-12-05 02:49:43.546303: reading input..
2019-12-05 02:49:44.416917: launching pool of 48 workers.
2019-12-05 03:34:12.443744: done

real	8m45.274s
user	7m25.940s
sys	0m17.856s

real	2m56.650s
user	1m44.660s
sys	0m27.372s
