
2019-11-17 10:54:20.561116:
    metric: ultrametric
    edges:  undirected
    weight: logdegree
    nodes:  ffcg3/data/ffcg3_nodes.txt
    graph:  ffcg3/data/ffcg3_edgelistID.npy
    input:  ffcg3/data/intersect_all_entityPairs_dbpedia_fred3_ffcg3_IDs_klformat.txt
    output: ffcg3/data/intersect_all_entityPairs_dbpedia_fred3_ffcg3_IDs.json
2019-11-17 10:54:20.580255: reading nodes from text file..
2019-11-17 10:54:20.772797: reading graph from text file..
2019-11-17 10:54:21.162748: reading input..
2019-11-17 10:54:21.548678: launching pool of 48 workers.
2019-11-17 10:59:52.648898: done

2019-11-17 11:00:37.357839:
    metric: ultrametric
    edges:  undirected
    weight: logdegree
    nodes:  ufcg3/data/ufcg3_nodes.txt
    graph:  ufcg3/data/ufcg3_edgelistID.npy
    input:  ufcg3/data/intersect_all_entityPairs_dbpedia_fred3_ufcg3_IDs_klformat.txt
    output: ufcg3/data/intersect_all_entityPairs_dbpedia_fred3_ufcg3_IDs.json
2019-11-17 11:00:37.367609: reading nodes from text file..
2019-11-17 11:00:37.633273: reading graph from text file..
2019-11-17 11:00:37.855040: reading input..
2019-11-17 11:00:38.039811: launching pool of 48 workers.
2019-11-17 11:07:40.017331: done

real	8m53.614s
user	7m22.932s
sys	0m16.872s

real	7m57.552s
user	7m19.864s
sys	0m17.184s

real	7m59.601s
user	7m24.300s
sys	0m17.064s

real	1m44.725s
user	0m28.112s
sys	0m9.176s

real	0m57.250s
user	0m3.712s
sys	0m2.148s

real	0m48.702s
user	0m7.516s
sys	0m3.920s
