
real	18m58.560s
user	19m6.776s
sys	0m9.004s

real	127m46.663s
user	128m43.404s
sys	0m33.420s

real	0m9.366s
user	0m4.876s
sys	0m1.544s

real	1m12.506s
user	1m1.328s
sys	0m9.464s

real	0m3.717s
user	0m1.436s
sys	0m0.784s

real	0m5.855s
user	0m3.888s
sys	0m0.748s

real	0m7.100s
user	0m4.740s
sys	0m0.844s

real	0m3.110s
user	0m0.564s
sys	0m0.868s

2020-05-27 17:13:48.776035:
    metric: ultrametric
    edges:  undirected
    weight: logdegree
    nodes:  tfcg2/data/tfcg2_nodes.txt
    graph:  tfcg2/data/tfcg2_edgelistID.npy
    input:  tfcg2/data/intersect_all_entityPairs_dbpedia_fred2_tfcg2_IDs_klformat.txt
    output: tfcg2/data/intersect_all_entityPairs_dbpedia_fred2_tfcg2_IDs.json
2020-05-27 17:13:48.777370: reading nodes from text file..
2020-05-27 17:13:48.783015: reading graph from text file..
2020-05-27 17:13:48.793147: reading input..
2020-05-27 17:13:49.533312: launching pool of 48 workers.
2020-05-27 17:27:19.020656: done

2020-05-27 17:27:30.296748:
    metric: ultrametric
    edges:  undirected
    weight: logdegree
    nodes:  ffcg2/data/ffcg2_nodes.txt
    graph:  ffcg2/data/ffcg2_edgelistID.npy
    input:  ffcg2/data/intersect_all_entityPairs_dbpedia_fred2_ffcg2_IDs_klformat.txt
    output: ffcg2/data/intersect_all_entityPairs_dbpedia_fred2_ffcg2_IDs.json
2020-05-27 17:27:30.298093: reading nodes from text file..
2020-05-27 17:27:30.306165: reading graph from text file..
2020-05-27 17:27:30.347126: reading input..
2020-05-27 17:27:31.085254: launching pool of 48 workers.
2020-05-27 18:00:27.552186: done

2020-05-27 18:00:40.110434:
    metric: ultrametric
    edges:  undirected
    weight: logdegree
    nodes:  ufcg2/data/ufcg2_nodes.txt
    graph:  ufcg2/data/ufcg2_edgelistID.npy
    input:  ufcg2/data/intersect_all_entityPairs_dbpedia_fred2_ufcg2_IDs_klformat.txt
    output: ufcg2/data/intersect_all_entityPairs_dbpedia_fred2_ufcg2_IDs.json
2020-05-27 18:00:40.111995: reading nodes from text file..
2020-05-27 18:00:40.117571: reading graph from text file..
2020-05-27 18:00:40.163023: reading input..
2020-05-27 18:00:40.901762: launching pool of 48 workers.
2020-05-27 18:43:13.168193: done

real	8m6.851s
user	7m37.604s
sys	0m28.064s

real	0m52.470s
user	0m40.564s
sys	0m10.660s
