Traceback (most recent call last):
  File "create_fred.py", line 968, in <module>
    createFred(args.rdfpath,args.graphpath,args.fcgtype,args.init,args.passive,args.cpu,args.compilefred)
  File "create_fred.py", line 927, in createFred
    master_fcg=compileClaimGraph3(claims_path,claim_IDs,clean_claims)
  File "create_fred.py", line 828, in compileClaimGraph3
    fcg=cleanClaimGraph(fcg,clean_claims[str(claim_ID)])
  File "create_fred.py", line 779, in cleanClaimGraph
    claim_g.remove(*edge)
AttributeError: 'Graph' object has no attribute 'remove'

real	3m26.195s
user	0m1.896s
sys	0m2.016s
Traceback (most recent call last):
  File "create_fred.py", line 968, in <module>
    createFred(args.rdfpath,args.graphpath,args.fcgtype,args.init,args.passive,args.cpu,args.compilefred)
  File "create_fred.py", line 927, in createFred
    master_fcg=compileClaimGraph3(claims_path,claim_IDs,clean_claims)
  File "create_fred.py", line 828, in compileClaimGraph3
    fcg=cleanClaimGraph(fcg,clean_claims[str(claim_ID)])
  File "create_fred.py", line 779, in cleanClaimGraph
    claim_g.remove(*edge)
AttributeError: 'Graph' object has no attribute 'remove'

real	3m18.157s
user	0m2.148s
sys	0m1.768s

real	3m22.679s
user	0m7.788s
sys	0m1.916s

real	3m24.411s
user	0m57.524s
sys	0m9.036s

real	2m18.164s
user	0m1.724s
sys	0m1.296s

real	2m4.603s
user	0m4.520s
sys	0m1.352s

real	2m19.452s
user	0m6.724s
sys	0m1.292s

real	2m16.184s
user	0m0.784s
sys	0m1.316s

2019-11-18 23:42:00.787852:
    metric: ultrametric
    edges:  undirected
    weight: logdegree
    nodes:  tfcg3/data/tfcg3_nodes.txt
    graph:  tfcg3/data/tfcg3_edgelistID.npy
    input:  tfcg3/data/intersect_all_entityPairs_dbpedia_fred3_tfcg3_IDs_klformat.txt
    output: tfcg3/data/intersect_all_entityPairs_dbpedia_fred3_tfcg3_IDs.json
2019-11-18 23:42:00.788138: reading nodes from text file..
2019-11-18 23:42:00.880862: reading graph from text file..
2019-11-18 23:42:01.164243: reading input..
2019-11-18 23:42:02.251743: launching pool of 48 workers.
2019-11-19 00:02:08.874663: done

2019-11-19 00:07:58.472299:
    metric: ultrametric
    edges:  undirected
    weight: logdegree
    nodes:  ffcg3/data/ffcg3_nodes.txt
    graph:  ffcg3/data/ffcg3_edgelistID.npy
    input:  ffcg3/data/intersect_all_entityPairs_dbpedia_fred3_ffcg3_IDs_klformat.txt
    output: ffcg3/data/intersect_all_entityPairs_dbpedia_fred3_ffcg3_IDs.json
2019-11-19 00:07:58.472617: reading nodes from text file..
2019-11-19 00:07:58.779974: reading graph from text file..
2019-11-19 00:07:58.897129: reading input..
2019-11-19 00:07:59.989851: launching pool of 48 workers.
2019-11-19 00:55:20.772684: done

2019-11-19 01:03:25.057630:
    metric: ultrametric
    edges:  undirected
    weight: logdegree
    nodes:  ufcg3/data/ufcg3_nodes.txt
    graph:  ufcg3/data/ufcg3_edgelistID.npy
    input:  ufcg3/data/intersect_all_entityPairs_dbpedia_fred3_ufcg3_IDs_klformat.txt
    output: ufcg3/data/intersect_all_entityPairs_dbpedia_fred3_ufcg3_IDs.json
2019-11-19 01:03:25.058051: reading nodes from text file..
2019-11-19 01:03:25.284788: reading graph from text file..
2019-11-19 01:03:25.522246: reading input..
2019-11-19 01:03:26.594687: launching pool of 48 workers.
2019-11-19 02:02:18.187638: done

real	9m24.202s
user	7m26.200s
sys	0m18.820s

real	3m50.258s
user	2m9.672s
sys	0m35.448s
