
real	1m29.986s
user	0m51.236s
sys	0m0.452s

real	3m26.286s
user	3m15.004s
sys	0m1.456s

real	4m37.917s
user	4m25.936s
sys	0m1.520s
Traceback (most recent call last):
  File "create_largest_cc.py", line 49, in <module>
    create_largest_cc(args.graphpath,args.fcgclass,args.fcgtype)
  File "create_largest_cc.py", line 10, in create_largest_cc
    fcg=nx.read_edgelist(os.path.join(graph_path,fcg_class,fcg_label,"{}.edgelist".format(fcg_label)),comments="@")
  File "</N/u/zkachwal/Carbonate/miniconda3/lib/python3.7/site-packages/decorator.py:decorator-gen-584>", line 2, in read_edgelist
  File "/N/u/zkachwal/Carbonate/miniconda3/lib/python3.7/site-packages/networkx/utils/decorators.py", line 214, in _open_file
    fobj = _dispatch_dict[ext](path, mode=mode)
FileNotFoundError: [Errno 2] No such file or directory: '/gpfs/home/z/k/zkachwal/Carbonate/factcheckgraph_data/graphs/fred/tfcg/tfcg.edgelist'

real	0m2.262s
user	0m0.292s
sys	0m0.348s
Traceback (most recent call last):
  File "create_largest_cc.py", line 49, in <module>
    create_largest_cc(args.graphpath,args.fcgclass,args.fcgtype)
  File "create_largest_cc.py", line 10, in create_largest_cc
    fcg=nx.read_edgelist(os.path.join(graph_path,fcg_class,fcg_label,"{}.edgelist".format(fcg_label)),comments="@")
  File "</N/u/zkachwal/Carbonate/miniconda3/lib/python3.7/site-packages/decorator.py:decorator-gen-584>", line 2, in read_edgelist
  File "/N/u/zkachwal/Carbonate/miniconda3/lib/python3.7/site-packages/networkx/utils/decorators.py", line 214, in _open_file
    fobj = _dispatch_dict[ext](path, mode=mode)
FileNotFoundError: [Errno 2] No such file or directory: '/gpfs/home/z/k/zkachwal/Carbonate/factcheckgraph_data/graphs/fred/ffcg/ffcg.edgelist'

real	0m1.071s
user	0m0.276s
sys	0m0.356s
Traceback (most recent call last):
  File "create_largest_cc.py", line 49, in <module>
    create_largest_cc(args.graphpath,args.fcgclass,args.fcgtype)
  File "create_largest_cc.py", line 10, in create_largest_cc
    fcg=nx.read_edgelist(os.path.join(graph_path,fcg_class,fcg_label,"{}.edgelist".format(fcg_label)),comments="@")
  File "</N/u/zkachwal/Carbonate/miniconda3/lib/python3.7/site-packages/decorator.py:decorator-gen-584>", line 2, in read_edgelist
  File "/N/u/zkachwal/Carbonate/miniconda3/lib/python3.7/site-packages/networkx/utils/decorators.py", line 214, in _open_file
    fobj = _dispatch_dict[ext](path, mode=mode)
FileNotFoundError: [Errno 2] No such file or directory: '/gpfs/home/z/k/zkachwal/Carbonate/factcheckgraph_data/graphs/fred/ufcg/ufcg.edgelist'

real	0m1.146s
user	0m0.284s
sys	0m0.352s
