Traceback (most recent call last):
  File "create_fred.py", line 979, in <module>
    createFred(args.rdfpath,args.graphpath,args.fcgtype,args.init,args.passive)
  File "create_fred.py", line 931, in createFred
    passiveFredParse(rdf_path,fcg_path,fcg_label,init)
  File "create_fred.py", line 859, in passiveFredParse
    claims=pd.read_csv(os.path.join(rdf_path,"{}_claims.csv".format(claim_type)),index_col=0)
  File "/N/u/zkachwal/Carbonate/miniconda3/lib/python3.7/site-packages/pandas/io/parsers.py", line 685, in parser_f
    return _read(filepath_or_buffer, kwds)
  File "/N/u/zkachwal/Carbonate/miniconda3/lib/python3.7/site-packages/pandas/io/parsers.py", line 457, in _read
    parser = TextFileReader(fp_or_buf, **kwds)
  File "/N/u/zkachwal/Carbonate/miniconda3/lib/python3.7/site-packages/pandas/io/parsers.py", line 895, in __init__
    self._make_engine(self.engine)
  File "/N/u/zkachwal/Carbonate/miniconda3/lib/python3.7/site-packages/pandas/io/parsers.py", line 1135, in _make_engine
    self._engine = CParserWrapper(self.f, **self.options)
  File "/N/u/zkachwal/Carbonate/miniconda3/lib/python3.7/site-packages/pandas/io/parsers.py", line 1906, in __init__
    self._reader = parsers.TextReader(src, **kwds)
  File "pandas/_libs/parsers.pyx", line 380, in pandas._libs.parsers.TextReader.__cinit__
  File "pandas/_libs/parsers.pyx", line 687, in pandas._libs.parsers.TextReader._setup_parser_source
FileNotFoundError: [Errno 2] File b'/gpfs/home/z/k/zkachwal/Carbonate/factcheckgraph_data/rdf_files/true_claims.csv' does not exist: b'/gpfs/home/z/k/zkachwal/Carbonate/factcheckgraph_data/rdf_files/true_claims.csv'

real	1m53.224s
user	0m2.000s
sys	0m2.132s
Traceback (most recent call last):
  File "create_fred.py", line 979, in <module>
    createFred(args.rdfpath,args.graphpath,args.fcgtype,args.init,args.passive)
  File "create_fred.py", line 931, in createFred
    passiveFredParse(rdf_path,fcg_path,fcg_label,init)
  File "create_fred.py", line 859, in passiveFredParse
    claims=pd.read_csv(os.path.join(rdf_path,"{}_claims.csv".format(claim_type)),index_col=0)
  File "/N/u/zkachwal/Carbonate/miniconda3/lib/python3.7/site-packages/pandas/io/parsers.py", line 685, in parser_f
    return _read(filepath_or_buffer, kwds)
  File "/N/u/zkachwal/Carbonate/miniconda3/lib/python3.7/site-packages/pandas/io/parsers.py", line 457, in _read
    parser = TextFileReader(fp_or_buf, **kwds)
  File "/N/u/zkachwal/Carbonate/miniconda3/lib/python3.7/site-packages/pandas/io/parsers.py", line 895, in __init__
    self._make_engine(self.engine)
  File "/N/u/zkachwal/Carbonate/miniconda3/lib/python3.7/site-packages/pandas/io/parsers.py", line 1135, in _make_engine
    self._engine = CParserWrapper(self.f, **self.options)
  File "/N/u/zkachwal/Carbonate/miniconda3/lib/python3.7/site-packages/pandas/io/parsers.py", line 1906, in __init__
    self._reader = parsers.TextReader(src, **kwds)
  File "pandas/_libs/parsers.pyx", line 380, in pandas._libs.parsers.TextReader.__cinit__
  File "pandas/_libs/parsers.pyx", line 687, in pandas._libs.parsers.TextReader._setup_parser_source
FileNotFoundError: [Errno 2] File b'/gpfs/home/z/k/zkachwal/Carbonate/factcheckgraph_data/rdf_files/false_claims.csv' does not exist: b'/gpfs/home/z/k/zkachwal/Carbonate/factcheckgraph_data/rdf_files/false_claims.csv'

real	1m0.373s
user	0m1.888s
sys	0m1.764s
Traceback (most recent call last):
  File "create_fred.py", line 979, in <module>
    createFred(args.rdfpath,args.graphpath,args.fcgtype,args.init,args.passive)
  File "create_fred.py", line 935, in createFred
    fcg=nx.read_edgelist(os.path.join(fcg_path,"{}.edgelist".format(fcg_label)),comments="@")
  File "</N/u/zkachwal/Carbonate/miniconda3/lib/python3.7/site-packages/decorator.py:decorator-gen-584>", line 2, in read_edgelist
  File "/N/u/zkachwal/Carbonate/miniconda3/lib/python3.7/site-packages/networkx/utils/decorators.py", line 214, in _open_file
    fobj = _dispatch_dict[ext](path, mode=mode)
FileNotFoundError: [Errno 2] No such file or directory: '/gpfs/home/z/k/zkachwal/Carbonate/factcheckgraph_data/graphs/fred/ufcg/ufcg.edgelist'

real	0m41.510s
user	0m1.856s
sys	0m1.544s
