create graphs

real	0m24.790s
user	15m21.323s
sys	0m8.375s

real	1m18.278s
user	52m24.958s
sys	0m14.629s

real	0m17.753s
user	6m11.915s
sys	0m16.693s

real	0m55.915s
user	23m5.518s
sys	0m49.389s

real	0m7.042s
user	0m4.738s
sys	0m0.726s

real	0m20.674s
user	0m9.520s
sys	0m1.053s

real	1m11.392s
user	0m29.956s
sys	0m2.959s

real	0m28.888s
user	0m26.767s
sys	0m0.857s
find intersect
calculate stats

real	0m2.572s
user	0m1.293s
sys	0m0.411s

real	0m3.890s
user	0m2.799s
sys	0m0.381s

real	0m5.243s
user	0m3.421s
sys	0m0.431s

real	0m2.742s
user	0m0.646s
sys	0m0.417s
leave1out
