embed

real	1m28.221s
user	25m5.716s
sys	0m13.553s

real	0m43.563s
user	10m52.943s
sys	0m5.990s

real	1m28.627s
user	25m23.523s
sys	0m14.528s

real	0m43.238s
user	10m55.061s
sys	0m5.810s
find_shortest_paths

real	38m34.602s
user	1785m27.484s
sys	7m20.749s

real	38m44.356s
user	1790m56.829s
sys	7m12.771s

real	138m28.384s
user	6525m41.381s
sys	24m25.060s

real	138m58.941s
user	6553m16.786s
sys	23m59.460s
find baseline

real	1m16.177s
user	11m31.690s
sys	1m13.087s

real	1m39.220s
user	1m46.881s
sys	0m6.347s
plot graphs

real	0m7.393s
user	0m4.259s
sys	0m1.278s

real	0m8.530s
user	0m5.685s
sys	0m1.186s
