multiprocessing.pool.RemoteTraceback: 
"""
Traceback (most recent call last):
  File "/N/u/zkachwal/Carbonate/miniconda3/lib/python3.7/site-packages/networkx/algorithms/shortest_paths/weighted.py", line 744, in multi_source_dijkstra
    return (dist[target], paths[target])
KeyError: 'db:Gross_domestic_product'

During handling of the above exception, another exception occurred:

Traceback (most recent call last):
  File "/N/u/zkachwal/Carbonate/miniconda3/lib/python3.7/multiprocessing/pool.py", line 121, in worker
    result = (True, func(*args, **kwds))
  File "find_shortest_paths.py", line 287, in find_paths_of_interest
    path_d2=nx.shortest_path(source_fcg,source=v,target=u,weight='dist')
  File "/N/u/zkachwal/Carbonate/miniconda3/lib/python3.7/site-packages/networkx/algorithms/shortest_paths/generic.py", line 172, in shortest_path
    paths = nx.dijkstra_path(G, source, target, weight)
  File "/N/u/zkachwal/Carbonate/miniconda3/lib/python3.7/site-packages/networkx/algorithms/shortest_paths/weighted.py", line 167, in dijkstra_path
    weight=weight)
  File "/N/u/zkachwal/Carbonate/miniconda3/lib/python3.7/site-packages/networkx/algorithms/shortest_paths/weighted.py", line 480, in single_source_dijkstra
    weight=weight)
  File "/N/u/zkachwal/Carbonate/miniconda3/lib/python3.7/site-packages/networkx/algorithms/shortest_paths/weighted.py", line 746, in multi_source_dijkstra
    raise nx.NetworkXNoPath("No path to {}.".format(target))
networkx.exception.NetworkXNoPath: No path to db:Gross_domestic_product.
"""

The above exception was the direct cause of the following exception:

Traceback (most recent call last):
  File "find_shortest_paths.py", line 413, in <module>
    find_shortest_paths(args.rdfpath,args.modelpath,args.graphpath,args.embedpath,"tfcg",args.fcgtype,args.fcgclass,args.cpu)
  File "find_shortest_paths.py", line 389, in find_shortest_paths
    output=sorted([p.get() for p in results],key=lambda x:x[0])
  File "find_shortest_paths.py", line 389, in <listcomp>
    output=sorted([p.get() for p in results],key=lambda x:x[0])
  File "/N/u/zkachwal/Carbonate/miniconda3/lib/python3.7/multiprocessing/pool.py", line 657, in get
    raise self._value
networkx.exception.NetworkXNoPath: No path to db:Gross_domestic_product.

real	1m9.717s
user	27m13.108s
sys	1m2.976s
multiprocessing.pool.RemoteTraceback: 
"""
Traceback (most recent call last):
  File "/N/u/zkachwal/Carbonate/miniconda3/lib/python3.7/site-packages/networkx/algorithms/shortest_paths/weighted.py", line 744, in multi_source_dijkstra
    return (dist[target], paths[target])
KeyError: 'db:United_States_Armed_Forces'

During handling of the above exception, another exception occurred:

Traceback (most recent call last):
  File "/N/u/zkachwal/Carbonate/miniconda3/lib/python3.7/multiprocessing/pool.py", line 121, in worker
    result = (True, func(*args, **kwds))
  File "find_shortest_paths.py", line 287, in find_paths_of_interest
    path_d2=nx.shortest_path(source_fcg,source=v,target=u,weight='dist')
  File "/N/u/zkachwal/Carbonate/miniconda3/lib/python3.7/site-packages/networkx/algorithms/shortest_paths/generic.py", line 172, in shortest_path
    paths = nx.dijkstra_path(G, source, target, weight)
  File "/N/u/zkachwal/Carbonate/miniconda3/lib/python3.7/site-packages/networkx/algorithms/shortest_paths/weighted.py", line 167, in dijkstra_path
    weight=weight)
  File "/N/u/zkachwal/Carbonate/miniconda3/lib/python3.7/site-packages/networkx/algorithms/shortest_paths/weighted.py", line 480, in single_source_dijkstra
    weight=weight)
  File "/N/u/zkachwal/Carbonate/miniconda3/lib/python3.7/site-packages/networkx/algorithms/shortest_paths/weighted.py", line 746, in multi_source_dijkstra
    raise nx.NetworkXNoPath("No path to {}.".format(target))
networkx.exception.NetworkXNoPath: No path to db:United_States_Armed_Forces.
"""

The above exception was the direct cause of the following exception:

Traceback (most recent call last):
  File "find_shortest_paths.py", line 413, in <module>
    find_shortest_paths(args.rdfpath,args.modelpath,args.graphpath,args.embedpath,"tfcg",args.fcgtype,args.fcgclass,args.cpu)
  File "find_shortest_paths.py", line 389, in find_shortest_paths
    output=sorted([p.get() for p in results],key=lambda x:x[0])
  File "find_shortest_paths.py", line 389, in <listcomp>
    output=sorted([p.get() for p in results],key=lambda x:x[0])
  File "/N/u/zkachwal/Carbonate/miniconda3/lib/python3.7/multiprocessing/pool.py", line 657, in get
    raise self._value
networkx.exception.NetworkXNoPath: No path to db:United_States_Armed_Forces.

real	0m56.065s
user	18m36.796s
sys	0m38.472s
