embed

real	1m56.980s
user	26m11.566s
sys	0m14.795s

real	0m42.024s
user	11m4.930s
sys	0m5.653s

real	1m26.527s
user	25m38.274s
sys	0m15.865s

real	0m41.226s
user	10m54.762s
sys	0m6.070s
find_shortest_paths

real	39m7.626s
user	1814m30.219s
sys	7m16.251s

real	38m53.414s
user	1802m8.012s
sys	7m20.651s

real	140m41.144s
user	6623m29.425s
sys	24m16.374s

real	139m35.636s
user	6586m12.449s
sys	24m3.621s
find baseline

real	1m21.118s
user	11m13.747s
sys	1m12.899s

real	1m40.950s
user	1m47.218s
sys	0m6.675s
plot graphs

real	0m8.567s
user	0m4.108s
sys	0m1.255s

real	0m9.705s
user	0m5.540s
sys	0m1.190s
