embed

real	2m10.672s
user	25m51.163s
sys	0m13.896s

real	0m48.395s
user	10m54.942s
sys	0m6.226s
slurmstepd: error: _is_a_lwp: open() /proc/21897/status failed: No such file or directory

real	1m30.274s
user	26m6.670s
sys	0m13.041s

real	0m46.318s
user	11m2.459s
sys	0m6.587s
find_shortest_paths

real	37m55.921s
user	1747m15.869s
sys	7m18.349s

real	39m41.250s
user	1766m24.983s
sys	7m28.133s

real	137m12.504s
user	6403m14.320s
sys	24m31.834s

real	137m0.659s
user	6442m48.880s
sys	23m58.557s
find baseline

real	1m22.150s
user	11m0.127s
sys	1m7.323s

real	1m42.427s
user	1m48.039s
sys	0m6.664s
plot graphs

real	0m7.975s
user	0m4.009s
sys	0m1.095s

real	0m9.279s
user	0m5.414s
sys	0m1.121s
