embed

real	1m29.278s
user	26m21.991s
sys	0m15.055s

real	0m42.300s
user	11m21.939s
sys	0m5.821s

real	1m29.526s
user	26m42.190s
sys	0m13.279s

real	0m40.876s
user	10m52.399s
sys	0m5.691s
find_shortest_paths

real	220m3.713s
user	10192m9.552s
sys	30m54.344s

real	53m55.509s
user	2467m22.936s
sys	8m32.006s

real	215m21.979s
user	10051m59.311s
sys	30m13.112s

real	53m33.819s
user	2475m29.995s
sys	8m49.386s
plot graphs

real	0m10.503s
user	0m3.762s
sys	0m1.094s

real	0m7.227s
user	0m5.022s
sys	0m1.033s
