
real	1m58.102s
user	33m20.467s
sys	0m23.089s

real	0m35.390s
user	9m6.152s
sys	0m7.380s

real	1m28.539s
user	26m28.772s
sys	0m14.990s

real	0m41.421s
user	11m5.319s
sys	0m5.568s

real	1m48.627s
user	33m20.258s
sys	0m24.532s

real	0m35.603s
user	9m0.939s
sys	0m6.708s

real	1m30.103s
user	26m49.627s
sys	0m14.760s

real	0m41.475s
user	10m55.314s
sys	0m6.370s
Traceback (most recent call last):
  File "find_baseline.py", line 283, in <module>
    find_knn(args.rdfpath,args.graphpath,args.modelpath,args.embedpath,args.graphtype,args.fcgclass,args.cpu,args.neighbors)
  File "find_baseline.py", line 207, in find_knn
    Yh[i]=float(aggregate)/n_neighbors
ZeroDivisionError: float division by zero

real	0m12.346s
user	0m12.966s
sys	0m2.829s

real	0m11.024s
user	0m22.623s
sys	0m3.168s
