embed

real	1m24.132s
user	24m45.270s
sys	0m13.967s

real	0m40.347s
user	10m40.414s
sys	0m6.490s

real	1m27.529s
user	26m5.425s
sys	0m13.396s

real	0m41.624s
user	11m5.566s
sys	0m6.388s
find_shortest_paths

real	481m13.220s
user	22204m19.088s
sys	37m2.801s

real	124m41.943s
user	5882m47.314s
sys	11m7.578s

real	482m14.698s
user	22416m40.602s
sys	37m17.062s

real	124m59.342s
user	5899m22.567s
sys	11m15.240s
plot graphs

real	0m18.045s
user	0m12.683s
sys	0m2.397s

real	0m20.118s
user	0m16.534s
sys	0m2.406s
