
2019-11-10 22:22:16.248617:
    metric: ultrametric
    edges:  undirected
    weight: logdegree
    nodes:  tfcg/data/tfcg_nodes.txt
    graph:  tfcg/data/tfcg_edgelistID.npy
    input:  tfcg/data/intersect_all_entityPairs_dbpedia_fred_tfcg_IDs_klformat.txt
    output: tfcg/data/intersect_all_entityPairs_dbpedia_fred_tfcg_IDs.json
2019-11-10 22:22:16.280755: reading nodes from text file..
2019-11-10 22:22:16.453357: reading graph from text file..
2019-11-10 22:22:16.698490: reading input..
2019-11-10 22:22:17.579463: launching pool of 20 workers.
2019-11-10 22:57:24.445410: done

2019-11-10 22:58:59.184355:
    metric: ultrametric
    edges:  undirected
    weight: logdegree
    nodes:  ffcg/data/ffcg_nodes.txt
    graph:  ffcg/data/ffcg_edgelistID.npy
    input:  ffcg/data/intersect_all_entityPairs_dbpedia_fred_ffcg_IDs_klformat.txt
    output: ffcg/data/intersect_all_entityPairs_dbpedia_fred_ffcg_IDs.json
2019-11-10 22:58:59.184691: reading nodes from text file..
2019-11-10 22:58:59.397669: reading graph from text file..
2019-11-10 22:58:59.502152: reading input..
2019-11-10 22:59:00.372788: launching pool of 20 workers.
2019-11-11 00:25:50.123242: done

2019-11-11 00:28:13.813601:
    metric: ultrametric
    edges:  undirected
    weight: logdegree
    nodes:  ufcg/data/ufcg_nodes.txt
    graph:  ufcg/data/ufcg_edgelistID.npy
    input:  ufcg/data/intersect_all_entityPairs_dbpedia_fred_ufcg_IDs_klformat.txt
    output: ufcg/data/intersect_all_entityPairs_dbpedia_fred_ufcg_IDs.json
2019-11-11 00:28:13.814117: reading nodes from text file..
2019-11-11 00:28:14.013857: reading graph from text file..
2019-11-11 00:28:14.376832: reading input..
2019-11-11 00:28:15.197390: launching pool of 20 workers.
2019-11-11 02:14:00.907799: done
