
2019-11-17 00:14:59.038691:
    metric: ultrametric
    edges:  undirected
    weight: logdegree
    nodes:  tfcg1/data/tfcg1_nodes.txt
    graph:  tfcg1/data/tfcg1_edgelistID.npy
    input:  tfcg1/data/intersect_all_entityPairs_dbpedia_fred1_tfcg1_IDs_klformat.txt
    output: tfcg1/data/intersect_all_entityPairs_dbpedia_fred1_tfcg1_IDs.json
2019-11-17 00:14:59.039375: reading nodes from text file..
2019-11-17 00:14:59.048228: reading graph from text file..
2019-11-17 00:14:59.123171: reading input..
2019-11-17 00:14:59.483783: launching pool of 48 workers.
2019-11-17 00:19:44.584312: done

2019-11-17 00:20:31.074205:
    metric: ultrametric
    edges:  undirected
    weight: logdegree
    nodes:  ffcg1/data/ffcg1_nodes.txt
    graph:  ffcg1/data/ffcg1_edgelistID.npy
    input:  ffcg1/data/intersect_all_entityPairs_dbpedia_fred1_ffcg1_IDs_klformat.txt
    output: ffcg1/data/intersect_all_entityPairs_dbpedia_fred1_ffcg1_IDs.json
2019-11-17 00:20:31.074503: reading nodes from text file..
2019-11-17 00:20:31.403492: reading graph from text file..
2019-11-17 00:20:31.542490: reading input..
2019-11-17 00:20:31.933785: launching pool of 48 workers.
2019-11-17 00:32:17.229131: done

2019-11-17 00:33:06.480936:
    metric: ultrametric
    edges:  undirected
    weight: logdegree
    nodes:  ufcg1/data/ufcg1_nodes.txt
    graph:  ufcg1/data/ufcg1_edgelistID.npy
    input:  ufcg1/data/intersect_all_entityPairs_dbpedia_fred1_ufcg1_IDs_klformat.txt
    output: ufcg1/data/intersect_all_entityPairs_dbpedia_fred1_ufcg1_IDs.json
2019-11-17 00:33:06.481414: reading nodes from text file..
2019-11-17 00:33:06.557594: reading graph from text file..
2019-11-17 00:33:06.686907: reading input..
2019-11-17 00:33:07.133353: launching pool of 48 workers.
2019-11-17 00:47:48.168517: done
