
2019-11-17 00:15:03.896596:
    metric: ultrametric
    edges:  undirected
    weight: logdegree
    nodes:  tfcg2/data/tfcg2_nodes.txt
    graph:  tfcg2/data/tfcg2_edgelistID.npy
    input:  tfcg2/data/intersect_all_entityPairs_dbpedia_fred2_tfcg2_IDs_klformat.txt
    output: tfcg2/data/intersect_all_entityPairs_dbpedia_fred2_tfcg2_IDs.json
2019-11-17 00:15:03.897278: reading nodes from text file..
2019-11-17 00:15:03.902911: reading graph from text file..
2019-11-17 00:15:03.963864: reading input..
2019-11-17 00:15:04.041682: launching pool of 48 workers.
2019-11-17 00:16:11.239621: done

2019-11-17 00:16:25.661270:
    metric: ultrametric
    edges:  undirected
    weight: logdegree
    nodes:  ffcg2/data/ffcg2_nodes.txt
    graph:  ffcg2/data/ffcg2_edgelistID.npy
    input:  ffcg2/data/intersect_all_entityPairs_dbpedia_fred2_ffcg2_IDs_klformat.txt
    output: ffcg2/data/intersect_all_entityPairs_dbpedia_fred2_ffcg2_IDs.json
2019-11-17 00:16:25.661732: reading nodes from text file..
2019-11-17 00:16:25.753044: reading graph from text file..
2019-11-17 00:16:25.864361: reading input..
2019-11-17 00:16:25.994369: launching pool of 48 workers.
2019-11-17 00:19:07.677616: done

2019-11-17 00:19:18.326727:
    metric: ultrametric
    edges:  undirected
    weight: logdegree
    nodes:  ufcg2/data/ufcg2_nodes.txt
    graph:  ufcg2/data/ufcg2_edgelistID.npy
    input:  ufcg2/data/intersect_all_entityPairs_dbpedia_fred2_ufcg2_IDs_klformat.txt
    output: ufcg2/data/intersect_all_entityPairs_dbpedia_fred2_ufcg2_IDs.json
2019-11-17 00:19:18.327354: reading nodes from text file..
2019-11-17 00:19:18.337048: reading graph from text file..
2019-11-17 00:19:18.458538: reading input..
2019-11-17 00:19:18.549137: launching pool of 48 workers.
2019-11-17 00:22:52.569858: done
