
2019-11-12 00:37:00.561228:
    metric: ultrametric
    edges:  undirected
    weight: logdegree
    nodes:  tfcg_lgccf/data/tfcg_lgccf_nodes.txt
    graph:  tfcg_lgccf/data/tfcg_lgccf_edgelistID.npy
    input:  tfcg_lgccf/data/intersect_all_entityPairs_dbpedia_largest_ccf_tfcg_lgccf_IDs_klformat.txt
    output: tfcg_lgccf/data/intersect_all_entityPairs_dbpedia_largest_ccf_tfcg_lgccf_IDs.json
2019-11-12 00:37:00.561564: reading nodes from text file..
2019-11-12 00:37:00.743670: reading graph from text file..
2019-11-12 00:37:00.921674: reading input..
2019-11-12 00:37:01.828726: launching pool of 20 workers.
2019-11-12 01:10:28.860053: done

2019-11-12 01:13:34.646574:
    metric: ultrametric
    edges:  undirected
    weight: logdegree
    nodes:  ffcg_lgccf/data/ffcg_lgccf_nodes.txt
    graph:  ffcg_lgccf/data/ffcg_lgccf_edgelistID.npy
    input:  ffcg_lgccf/data/intersect_all_entityPairs_dbpedia_largest_ccf_ffcg_lgccf_IDs_klformat.txt
    output: ffcg_lgccf/data/intersect_all_entityPairs_dbpedia_largest_ccf_ffcg_lgccf_IDs.json
2019-11-12 01:13:34.646874: reading nodes from text file..
2019-11-12 01:13:34.823010: reading graph from text file..
2019-11-12 01:13:34.922601: reading input..
2019-11-12 01:13:35.674101: launching pool of 20 workers.
2019-11-12 02:36:14.941151: done

2019-11-12 02:38:39.057782:
    metric: ultrametric
    edges:  undirected
    weight: logdegree
    nodes:  ufcg_lgccf/data/ufcg_lgccf_nodes.txt
    graph:  ufcg_lgccf/data/ufcg_lgccf_edgelistID.npy
    input:  ufcg_lgccf/data/intersect_all_entityPairs_dbpedia_largest_ccf_ufcg_lgccf_IDs_klformat.txt
    output: ufcg_lgccf/data/intersect_all_entityPairs_dbpedia_largest_ccf_ufcg_lgccf_IDs.json
2019-11-12 02:38:39.058093: reading nodes from text file..
2019-11-12 02:38:39.287573: reading graph from text file..
2019-11-12 02:38:39.617235: reading input..
2019-11-12 02:38:40.429428: launching pool of 20 workers.
2019-11-12 04:18:50.049666: done
