
2019-11-17 00:15:11.533725:
    metric: ultrametric
    edges:  undirected
    weight: logdegree
    nodes:  tfcg3/data/tfcg3_nodes.txt
    graph:  tfcg3/data/tfcg3_edgelistID.npy
    input:  tfcg3/data/intersect_all_entityPairs_dbpedia_fred3_tfcg3_IDs_klformat.txt
    output: tfcg3/data/intersect_all_entityPairs_dbpedia_fred3_tfcg3_IDs.json
2019-11-17 00:15:11.534415: reading nodes from text file..
2019-11-17 00:15:11.572680: reading graph from text file..
2019-11-17 00:15:11.611413: reading input..
2019-11-17 00:15:11.843361: launching pool of 48 workers.
2019-11-17 00:17:23.508661: done

2019-11-17 00:17:47.504573:
    metric: ultrametric
    edges:  undirected
    weight: logdegree
    nodes:  ffcg3/data/ffcg3_nodes.txt
    graph:  ffcg3/data/ffcg3_edgelistID.npy
    input:  ffcg3/data/intersect_all_entityPairs_dbpedia_fred3_ffcg3_IDs_klformat.txt
    output: ffcg3/data/intersect_all_entityPairs_dbpedia_fred3_ffcg3_IDs.json
2019-11-17 00:17:47.504908: reading nodes from text file..
2019-11-17 00:17:47.701619: reading graph from text file..
2019-11-17 00:17:47.824229: reading input..
2019-11-17 00:17:48.218480: launching pool of 48 workers.
2019-11-17 00:23:04.838026: done

2019-11-17 00:23:27.740759:
    metric: ultrametric
    edges:  undirected
    weight: logdegree
    nodes:  ufcg3/data/ufcg3_nodes.txt
    graph:  ufcg3/data/ufcg3_edgelistID.npy
    input:  ufcg3/data/intersect_all_entityPairs_dbpedia_fred3_ufcg3_IDs_klformat.txt
    output: ufcg3/data/intersect_all_entityPairs_dbpedia_fred3_ufcg3_IDs.json
2019-11-17 00:23:27.741158: reading nodes from text file..
2019-11-17 00:23:27.867433: reading graph from text file..
2019-11-17 00:23:27.985769: reading input..
2019-11-17 00:23:28.180714: launching pool of 48 workers.
2019-11-17 00:30:15.869876: done
