order_paths

real	0m25.000s
user	0m20.333s
sys	0m1.306s

real	0m25.542s
user	0m20.898s
sys	0m1.543s

real	0m23.495s
user	0m19.350s
sys	0m1.432s
plots
plot_sp2.py:53: RuntimeWarning: invalid value encountered in double_scalars
  f1scores=[2*(precision[i]*recall[i])/(precision[i]+recall[i]) for i in range(len(thresholds))]
plot_sp2.py:53: RuntimeWarning: invalid value encountered in double_scalars
  f1scores=[2*(precision[i]*recall[i])/(precision[i]+recall[i]) for i in range(len(thresholds))]

real	0m8.962s
user	0m6.321s
sys	0m1.343s

real	0m10.616s
user	0m7.904s
sys	0m1.402s
plot_sp2.py:53: RuntimeWarning: invalid value encountered in double_scalars
  f1scores=[2*(precision[i]*recall[i])/(precision[i]+recall[i]) for i in range(len(thresholds))]
plot_sp2.py:53: RuntimeWarning: invalid value encountered in double_scalars
  f1scores=[2*(precision[i]*recall[i])/(precision[i]+recall[i]) for i in range(len(thresholds))]

real	0m9.356s
user	0m6.670s
sys	0m1.380s

real	0m11.031s
user	0m8.251s
sys	0m1.477s
/N/u/zkachwal/Carbonate/miniconda3/lib/python3.7/site-packages/sklearn/metrics/_ranking.py:800: UndefinedMetricWarning: No negative samples in y_true, false positive value should be meaningless
  UndefinedMetricWarning)
Traceback (most recent call last):
  File "plot_sp2.py", line 185, in <module>
    plot_roc(args.graphpath,args.fcgclass,args.fcgtype,args.graphtype)
  File "plot_sp2.py", line 60, in plot_roc
    plot_dict['roc'][mlabel]['label']=mlabel+' AUC (%0.2f) '%metrics.roc_auc_score(y,scores)
  File "/N/u/zkachwal/Carbonate/miniconda3/lib/python3.7/site-packages/sklearn/metrics/_ranking.py", line 390, in roc_auc_score
    sample_weight=sample_weight)
  File "/N/u/zkachwal/Carbonate/miniconda3/lib/python3.7/site-packages/sklearn/metrics/_base.py", line 77, in _average_binary_score
    return binary_metric(y_true, y_score, sample_weight=sample_weight)
  File "/N/u/zkachwal/Carbonate/miniconda3/lib/python3.7/site-packages/sklearn/metrics/_ranking.py", line 221, in _binary_roc_auc_score
    raise ValueError("Only one class present in y_true. ROC AUC score "
ValueError: Only one class present in y_true. ROC AUC score is not defined in that case.

real	0m3.334s
user	0m1.380s
sys	0m0.709s

real	0m19.638s
user	0m15.946s
sys	0m2.648s
