order_paths

real	0m24.870s
user	0m20.214s
sys	0m1.334s

real	0m25.876s
user	0m21.403s
sys	0m1.319s

real	1m10.015s
user	1m2.004s
sys	0m3.699s
plots
plot_sp2.py:53: RuntimeWarning: invalid value encountered in double_scalars
  f1scores=[2*(precision[i]*recall[i])/(precision[i]+recall[i]) for i in range(len(thresholds))]
plot_sp2.py:53: RuntimeWarning: invalid value encountered in double_scalars
  f1scores=[2*(precision[i]*recall[i])/(precision[i]+recall[i]) for i in range(len(thresholds))]

real	0m9.026s
user	0m6.333s
sys	0m1.325s

real	0m10.724s
user	0m8.087s
sys	0m1.256s
plot_sp2.py:53: RuntimeWarning: invalid value encountered in double_scalars
  f1scores=[2*(precision[i]*recall[i])/(precision[i]+recall[i]) for i in range(len(thresholds))]
plot_sp2.py:53: RuntimeWarning: invalid value encountered in double_scalars
  f1scores=[2*(precision[i]*recall[i])/(precision[i]+recall[i]) for i in range(len(thresholds))]

real	0m9.413s
user	0m6.655s
sys	0m1.368s

real	0m11.175s
user	0m8.458s
sys	0m1.321s
plot_sp2.py:53: RuntimeWarning: invalid value encountered in double_scalars
  f1scores=[2*(precision[i]*recall[i])/(precision[i]+recall[i]) for i in range(len(thresholds))]
plot_sp2.py:53: RuntimeWarning: invalid value encountered in double_scalars
  f1scores=[2*(precision[i]*recall[i])/(precision[i]+recall[i]) for i in range(len(thresholds))]
plot_sp2.py:53: RuntimeWarning: invalid value encountered in double_scalars
  f1scores=[2*(precision[i]*recall[i])/(precision[i]+recall[i]) for i in range(len(thresholds))]
plot_sp2.py:53: RuntimeWarning: invalid value encountered in double_scalars
  f1scores=[2*(precision[i]*recall[i])/(precision[i]+recall[i]) for i in range(len(thresholds))]

real	0m18.116s
user	0m14.201s
sys	0m2.547s

real	0m20.044s
user	0m16.089s
sys	0m2.588s
