order_paths

real	0m25.915s
user	0m20.219s
sys	0m1.295s

real	0m25.925s
user	0m21.150s
sys	0m1.410s

real	0m23.312s
user	0m19.401s
sys	0m1.491s
plots
plot_sp2.py:53: RuntimeWarning: invalid value encountered in double_scalars
  f1scores=[2*(precision[i]*recall[i])/(precision[i]+recall[i]) for i in range(len(thresholds))]
plot_sp2.py:53: RuntimeWarning: invalid value encountered in double_scalars
  f1scores=[2*(precision[i]*recall[i])/(precision[i]+recall[i]) for i in range(len(thresholds))]

real	0m12.722s
user	0m6.320s
sys	0m1.375s

real	0m11.880s
user	0m8.131s
sys	0m1.263s
plot_sp2.py:53: RuntimeWarning: invalid value encountered in double_scalars
  f1scores=[2*(precision[i]*recall[i])/(precision[i]+recall[i]) for i in range(len(thresholds))]
plot_sp2.py:53: RuntimeWarning: invalid value encountered in double_scalars
  f1scores=[2*(precision[i]*recall[i])/(precision[i]+recall[i]) for i in range(len(thresholds))]

real	0m9.301s
user	0m6.589s
sys	0m1.377s

real	0m12.660s
user	0m8.731s
sys	0m1.224s
/N/u/zkachwal/Carbonate/miniconda3/lib/python3.7/site-packages/sklearn/metrics/_ranking.py:800: UndefinedMetricWarning: No negative samples in y_true, false positive value should be meaningless
  UndefinedMetricWarning)
Traceback (most recent call last):
  File "plot_sp2.py", line 185, in <module>
    plot_roc(args.graphpath,args.fcgclass,args.fcgtype,args.graphtype)
  File "plot_sp2.py", line 60, in plot_roc
    plot_dict['roc'][mlabel]['label']=mlabel+' AUC (%0.2f) '%metrics.roc_auc_score(y,scores)
  File "/N/u/zkachwal/Carbonate/miniconda3/lib/python3.7/site-packages/sklearn/metrics/_ranking.py", line 390, in roc_auc_score
    sample_weight=sample_weight)
  File "/N/u/zkachwal/Carbonate/miniconda3/lib/python3.7/site-packages/sklearn/metrics/_base.py", line 77, in _average_binary_score
    return binary_metric(y_true, y_score, sample_weight=sample_weight)
  File "/N/u/zkachwal/Carbonate/miniconda3/lib/python3.7/site-packages/sklearn/metrics/_ranking.py", line 221, in _binary_roc_auc_score
    raise ValueError("Only one class present in y_true. ROC AUC score "
ValueError: Only one class present in y_true. ROC AUC score is not defined in that case.

real	0m3.397s
user	0m1.372s
sys	0m0.712s

real	0m21.178s
user	0m16.036s
sys	0m2.541s
