order_paths

real	0m31.030s
user	0m25.587s
sys	0m1.912s

real	0m34.577s
user	0m28.511s
sys	0m2.237s

real	1m28.855s
user	1m19.111s
sys	0m5.103s
plots
plot_sp.py:53: RuntimeWarning: invalid value encountered in double_scalars
  f1scores=[2*(precision[i]*recall[i])/(precision[i]+recall[i]) for i in range(len(thresholds))]

real	0m5.427s
user	0m3.253s
sys	0m0.822s

real	0m5.565s
user	0m3.464s
sys	0m0.862s
plot_sp.py:53: RuntimeWarning: invalid value encountered in double_scalars
  f1scores=[2*(precision[i]*recall[i])/(precision[i]+recall[i]) for i in range(len(thresholds))]
plot_sp.py:53: RuntimeWarning: invalid value encountered in double_scalars
  f1scores=[2*(precision[i]*recall[i])/(precision[i]+recall[i]) for i in range(len(thresholds))]

real	0m5.436s
user	0m3.292s
sys	0m0.860s

real	0m5.622s
user	0m3.551s
sys	0m0.843s
plot_sp.py:53: RuntimeWarning: invalid value encountered in double_scalars
  f1scores=[2*(precision[i]*recall[i])/(precision[i]+recall[i]) for i in range(len(thresholds))]

real	0m8.554s
user	0m5.929s
sys	0m1.299s

real	0m8.870s
user	0m6.251s
sys	0m1.284s
